This file contains any messages produced by compilers while
running configure, to aid debugging if configure makes a mistake.

It was created by configure, which was
generated by GNU Autoconf 2.69.  Invocation command line was

  $ ./configure --with-included-apr

## --------- ##
## Platform. ##
## --------- ##

hostname = bubo2
uname -m = armv7l
uname -r = 4.9.59-v7+
uname -s = Linux
uname -v = #1047 SMP Sun Oct 29 12:19:23 GMT 2017

/usr/bin/uname -p = unknown
/bin/uname -X     = unknown

/bin/arch              = unknown
/usr/bin/arch -k       = unknown
/usr/convex/getsysinfo = unknown
/usr/bin/hostinfo      = unknown
/bin/machine           = unknown
/usr/bin/oslevel       = unknown
/bin/universe          = unknown

PATH: /usr/local/sbin
PATH: /usr/local/bin
PATH: /usr/sbin
PATH: /usr/bin
PATH: /sbin
PATH: /bin


## ----------- ##
## Core tests. ##
## ----------- ##

configure:3105: checking for chosen layout
configure:3107: result: Apache
configure:3910: checking for working mkdir -p
configure:3926: result: yes
configure:3935: checking for grep that handles long lines and -e
configure:3993: result: /bin/grep
configure:3998: checking for egrep
configure:4060: result: /bin/grep -E
configure:4076: checking build system type
configure:4090: result: armv7l-unknown-linux-gnueabihf
configure:4110: checking host system type
configure:4123: result: armv7l-unknown-linux-gnueabihf
configure:4143: checking target system type
configure:4156: result: armv7l-unknown-linux-gnueabihf
configure:4186: 
configure:4188: Configuring Apache Portable Runtime library...
configure:4190: 
configure:4636: 
configure:4638: Configuring Apache Portable Runtime Utility library...
configure:4640: 
configure:5017: checking for gcc
configure:5044: result: gcc
configure:5273: checking for C compiler version
configure:5282: gcc --version >&5
gcc (Raspbian 6.3.0-18+rpi1) 6.3.0 20170516
Copyright (C) 2016 Free Software Foundation, Inc.
This is free software; see the source for copying conditions.  There is NO
warranty; not even for MERCHANTABILITY or FITNESS FOR A PARTICULAR PURPOSE.

configure:5293: $? = 0
configure:5282: gcc -v >&5
Using built-in specs.
COLLECT_GCC=gcc
COLLECT_LTO_WRAPPER=/usr/lib/gcc/arm-linux-gnueabihf/6/lto-wrapper
Target: arm-linux-gnueabihf
Configured with: ../src/configure -v --with-pkgversion='Raspbian 6.3.0-18+rpi1' --with-bugurl=file:///usr/share/doc/gcc-6/README.Bugs --enable-languages=c,ada,c++,java,go,d,fortran,objc,obj-c++ --prefix=/usr --program-suffix=-6 --program-prefix=arm-linux-gnueabihf- --enable-shared --enable-linker-build-id --libexecdir=/usr/lib --without-included-gettext --enable-threads=posix --libdir=/usr/lib --enable-nls --with-sysroot=/ --enable-clocale=gnu --enable-libstdcxx-debug --enable-libstdcxx-time=yes --with-default-libstdcxx-abi=new --enable-gnu-unique-object --disable-libitm --disable-libquadmath --enable-plugin --with-system-zlib --disable-browser-plugin --enable-java-awt=gtk --enable-gtk-cairo --with-java-home=/usr/lib/jvm/java-1.5.0-gcj-6-armhf/jre --enable-java-home --with-jvm-root-dir=/usr/lib/jvm/java-1.5.0-gcj-6-armhf --with-jvm-jar-dir=/usr/lib/jvm-exports/java-1.5.0-gcj-6-armhf --with-arch-directory=arm --with-ecj-jar=/usr/share/java/eclipse-ecj.jar --with-target-system-zlib --enable-objc-gc=auto --enable-multiarch --disable-sjlj-exceptions --with-arch=armv6 --with-fpu=vfp --with-float=hard --enable-checking=release --build=arm-linux-gnueabihf --host=arm-linux-gnueabihf --target=arm-linux-gnueabihf
Thread model: posix
gcc version 6.3.0 20170516 (Raspbian 6.3.0-18+rpi1) 
configure:5293: $? = 0
configure:5282: gcc -V >&5
gcc: error: unrecognized command line option '-V'
gcc: fatal error: no input files
compilation terminated.
configure:5293: $? = 1
configure:5282: gcc -qversion >&5
gcc: error: unrecognized command line option '-qversion'; did you mean '--version'?
gcc: fatal error: no input files
compilation terminated.
configure:5293: $? = 1
configure:5313: checking whether the C compiler works
configure:5335: gcc  -g -O2 -pthread  -DLINUX -D_REENTRANT -D_GNU_SOURCE -D_LARGEFILE64_SOURCE   conftest.c  >&5
configure:5339: $? = 0
configure:5387: result: yes
configure:5390: checking for C compiler default output file name
configure:5392: result: a.out
configure:5398: checking for suffix of executables
configure:5405: gcc -o conftest  -g -O2 -pthread  -DLINUX -D_REENTRANT -D_GNU_SOURCE -D_LARGEFILE64_SOURCE   conftest.c  >&5
configure:5409: $? = 0
configure:5431: result: 
configure:5453: checking whether we are cross compiling
configure:5461: gcc -o conftest  -g -O2 -pthread  -DLINUX -D_REENTRANT -D_GNU_SOURCE -D_LARGEFILE64_SOURCE   conftest.c  >&5
configure:5465: $? = 0
configure:5472: ./conftest
configure:5476: $? = 0
configure:5491: result: no
configure:5496: checking for suffix of object files
configure:5518: gcc -c  -g -O2 -pthread  -DLINUX -D_REENTRANT -D_GNU_SOURCE -D_LARGEFILE64_SOURCE conftest.c >&5
configure:5522: $? = 0
configure:5543: result: o
configure:5547: checking whether we are using the GNU C compiler
configure:5566: gcc -c  -g -O2 -pthread  -DLINUX -D_REENTRANT -D_GNU_SOURCE -D_LARGEFILE64_SOURCE conftest.c >&5
configure:5566: $? = 0
configure:5575: result: yes
configure:5584: checking whether gcc accepts -g
configure:5604: gcc -c -g  -DLINUX -D_REENTRANT -D_GNU_SOURCE -D_LARGEFILE64_SOURCE conftest.c >&5
configure:5604: $? = 0
configure:5645: result: yes
configure:5662: checking for gcc option to accept ISO C89
configure:5725: gcc  -c  -g -O2 -pthread  -DLINUX -D_REENTRANT -D_GNU_SOURCE -D_LARGEFILE64_SOURCE conftest.c >&5
configure:5725: $? = 0
configure:5738: result: none needed
configure:5763: checking how to run the C preprocessor
configure:5833: result: gcc -E
configure:5853: gcc -E  -DLINUX -D_REENTRANT -D_GNU_SOURCE -D_LARGEFILE64_SOURCE conftest.c
configure:5853: $? = 0
configure:5867: gcc -E  -DLINUX -D_REENTRANT -D_GNU_SOURCE -D_LARGEFILE64_SOURCE conftest.c
conftest.c:9:28: fatal error: ac_nonexistent.h: No such file or directory
 #include <ac_nonexistent.h>
                            ^
compilation terminated.
configure:5867: $? = 1
configure: failed program was:
| /* confdefs.h */
| #define PACKAGE_NAME ""
| #define PACKAGE_TARNAME ""
| #define PACKAGE_VERSION ""
| #define PACKAGE_STRING ""
| #define PACKAGE_BUGREPORT ""
| #define PACKAGE_URL ""
| /* end confdefs.h.  */
| #include <ac_nonexistent.h>
configure:5896: checking for gcc option to accept ISO C99
configure:6045: gcc  -c  -g -O2 -pthread  -DLINUX -D_REENTRANT -D_GNU_SOURCE -D_LARGEFILE64_SOURCE conftest.c >&5
configure:6045: $? = 0
configure:6058: result: none needed
configure:6089: checking for pcre-config
configure:6107: found /usr/local/bin/pcre-config
configure:6120: result: /usr/local/bin/pcre-config
configure:6143: Using external PCRE library from /usr/local/bin/pcre-config
configure:6195: 
configure:6197: Configuring Apache httpd...
configure:6199: 
configure:6339: 
configure:6341: Applying OS-specific hints for httpd...
configure:6343: 
configure:6509: checking for rm
configure:6527: found /bin/rm
configure:6539: result: /bin/rm
configure:6549: checking for pkg-config
configure:6567: found /usr/bin/pkg-config
configure:6579: result: /usr/bin/pkg-config
configure:6589: checking for rsync
configure:6607: found /usr/bin/rsync
configure:6619: result: /usr/bin/rsync
configure:6631: checking for gawk
configure:6661: result: no
configure:6631: checking for mawk
configure:6647: found /usr/bin/mawk
configure:6658: result: mawk
configure:6669: checking whether ln -s works
configure:6673: result: yes
configure:6723: checking for ranlib
configure:6739: found /usr/bin/ranlib
configure:6750: result: ranlib
configure:6776: checking for lynx
configure:6806: result: no
configure:6776: checking for links
configure:6806: result: no
configure:6776: checking for elinks
configure:6806: result: no
configure:6831: checking for ANSI C header files
configure:6851: gcc -c  -g -O2 -pthread  -DLINUX -D_REENTRANT -D_GNU_SOURCE -D_LARGEFILE64_SOURCE conftest.c >&5
configure:6851: $? = 0
configure:6924: gcc -o conftest  -g -O2 -pthread  -DLINUX -D_REENTRANT -D_GNU_SOURCE -D_LARGEFILE64_SOURCE   conftest.c  >&5
configure:6924: $? = 0
configure:6924: ./conftest
configure:6924: $? = 0
configure:6935: result: yes
configure:6948: checking for sys/types.h
configure:6948: gcc -c  -g -O2 -pthread  -DLINUX -D_REENTRANT -D_GNU_SOURCE -D_LARGEFILE64_SOURCE conftest.c >&5
configure:6948: $? = 0
configure:6948: result: yes
configure:6948: checking for sys/stat.h
configure:6948: gcc -c  -g -O2 -pthread  -DLINUX -D_REENTRANT -D_GNU_SOURCE -D_LARGEFILE64_SOURCE conftest.c >&5
configure:6948: $? = 0
configure:6948: result: yes
configure:6948: checking for stdlib.h
configure:6948: gcc -c  -g -O2 -pthread  -DLINUX -D_REENTRANT -D_GNU_SOURCE -D_LARGEFILE64_SOURCE conftest.c >&5
configure:6948: $? = 0
configure:6948: result: yes
configure:6948: checking for string.h
configure:6948: gcc -c  -g -O2 -pthread  -DLINUX -D_REENTRANT -D_GNU_SOURCE -D_LARGEFILE64_SOURCE conftest.c >&5
configure:6948: $? = 0
configure:6948: result: yes
configure:6948: checking for memory.h
configure:6948: gcc -c  -g -O2 -pthread  -DLINUX -D_REENTRANT -D_GNU_SOURCE -D_LARGEFILE64_SOURCE conftest.c >&5
configure:6948: $? = 0
configure:6948: result: yes
configure:6948: checking for strings.h
configure:6948: gcc -c  -g -O2 -pthread  -DLINUX -D_REENTRANT -D_GNU_SOURCE -D_LARGEFILE64_SOURCE conftest.c >&5
configure:6948: $? = 0
configure:6948: result: yes
configure:6948: checking for inttypes.h
configure:6948: gcc -c  -g -O2 -pthread  -DLINUX -D_REENTRANT -D_GNU_SOURCE -D_LARGEFILE64_SOURCE conftest.c >&5
configure:6948: $? = 0
configure:6948: result: yes
configure:6948: checking for stdint.h
configure:6948: gcc -c  -g -O2 -pthread  -DLINUX -D_REENTRANT -D_GNU_SOURCE -D_LARGEFILE64_SOURCE conftest.c >&5
configure:6948: $? = 0
configure:6948: result: yes
configure:6948: checking for unistd.h
configure:6948: gcc -c  -g -O2 -pthread  -DLINUX -D_REENTRANT -D_GNU_SOURCE -D_LARGEFILE64_SOURCE conftest.c >&5
configure:6948: $? = 0
configure:6948: result: yes
configure:6961: checking minix/config.h usability
configure:6961: gcc -c  -g -O2 -pthread  -DLINUX -D_REENTRANT -D_GNU_SOURCE -D_LARGEFILE64_SOURCE conftest.c >&5
conftest.c:52:26: fatal error: minix/config.h: No such file or directory
 #include <minix/config.h>
                          ^
compilation terminated.
configure:6961: $? = 1
configure: failed program was:
| /* confdefs.h */
| #define PACKAGE_NAME ""
| #define PACKAGE_TARNAME ""
| #define PACKAGE_VERSION ""
| #define PACKAGE_STRING ""
| #define PACKAGE_BUGREPORT ""
| #define PACKAGE_URL ""
| #define STDC_HEADERS 1
| #define HAVE_SYS_TYPES_H 1
| #define HAVE_SYS_STAT_H 1
| #define HAVE_STDLIB_H 1
| #define HAVE_STRING_H 1
| #define HAVE_MEMORY_H 1
| #define HAVE_STRINGS_H 1
| #define HAVE_INTTYPES_H 1
| #define HAVE_STDINT_H 1
| #define HAVE_UNISTD_H 1
| /* end confdefs.h.  */
| #include <stdio.h>
| #ifdef HAVE_SYS_TYPES_H
| # include <sys/types.h>
| #endif
| #ifdef HAVE_SYS_STAT_H
| # include <sys/stat.h>
| #endif
| #ifdef STDC_HEADERS
| # include <stdlib.h>
| # include <stddef.h>
| #else
| # ifdef HAVE_STDLIB_H
| #  include <stdlib.h>
| # endif
| #endif
| #ifdef HAVE_STRING_H
| # if !defined STDC_HEADERS && defined HAVE_MEMORY_H
| #  include <memory.h>
| # endif
| # include <string.h>
| #endif
| #ifdef HAVE_STRINGS_H
| # include <strings.h>
| #endif
| #ifdef HAVE_INTTYPES_H
| # include <inttypes.h>
| #endif
| #ifdef HAVE_STDINT_H
| # include <stdint.h>
| #endif
| #ifdef HAVE_UNISTD_H
| # include <unistd.h>
| #endif
| #include <minix/config.h>
configure:6961: result: no
configure:6961: checking minix/config.h presence
configure:6961: gcc -E  -DLINUX -D_REENTRANT -D_GNU_SOURCE -D_LARGEFILE64_SOURCE conftest.c
conftest.c:19:26: fatal error: minix/config.h: No such file or directory
 #include <minix/config.h>
                          ^
compilation terminated.
configure:6961: $? = 1
configure: failed program was:
| /* confdefs.h */
| #define PACKAGE_NAME ""
| #define PACKAGE_TARNAME ""
| #define PACKAGE_VERSION ""
| #define PACKAGE_STRING ""
| #define PACKAGE_BUGREPORT ""
| #define PACKAGE_URL ""
| #define STDC_HEADERS 1
| #define HAVE_SYS_TYPES_H 1
| #define HAVE_SYS_STAT_H 1
| #define HAVE_STDLIB_H 1
| #define HAVE_STRING_H 1
| #define HAVE_MEMORY_H 1
| #define HAVE_STRINGS_H 1
| #define HAVE_INTTYPES_H 1
| #define HAVE_STDINT_H 1
| #define HAVE_UNISTD_H 1
| /* end confdefs.h.  */
| #include <minix/config.h>
configure:6961: result: no
configure:6961: checking for minix/config.h
configure:6961: result: no
configure:6982: checking whether it is safe to define __EXTENSIONS__
configure:7000: gcc -c  -g -O2 -pthread  -DLINUX -D_REENTRANT -D_GNU_SOURCE -D_LARGEFILE64_SOURCE conftest.c >&5
configure:7000: $? = 0
configure:7007: result: yes
configure:7023: checking for library containing strerror
configure:7054: gcc -o conftest  -g -O2 -pthread  -DLINUX -D_REENTRANT -D_GNU_SOURCE -D_LARGEFILE64_SOURCE   conftest.c  >&5
configure:7054: $? = 0
configure:7071: result: none required
configure:7276: checking for ANSI C header files
configure:7380: result: yes
configure:7404: checking for string.h
configure:7404: result: yes
configure:7404: checking limits.h usability
configure:7404: gcc -c  -g -O2 -pthread  -DLINUX -D_REENTRANT -D_GNU_SOURCE -D_LARGEFILE64_SOURCE conftest.c >&5
configure:7404: $? = 0
configure:7404: result: yes
configure:7404: checking limits.h presence
configure:7404: gcc -E  -DLINUX -D_REENTRANT -D_GNU_SOURCE -D_LARGEFILE64_SOURCE conftest.c
configure:7404: $? = 0
configure:7404: result: yes
configure:7404: checking for limits.h
configure:7404: result: yes
configure:7404: checking for unistd.h
configure:7404: result: yes
configure:7404: checking sys/socket.h usability
configure:7404: gcc -c  -g -O2 -pthread  -DLINUX -D_REENTRANT -D_GNU_SOURCE -D_LARGEFILE64_SOURCE conftest.c >&5
configure:7404: $? = 0
configure:7404: result: yes
configure:7404: checking sys/socket.h presence
configure:7404: gcc -E  -DLINUX -D_REENTRANT -D_GNU_SOURCE -D_LARGEFILE64_SOURCE conftest.c
configure:7404: $? = 0
configure:7404: result: yes
configure:7404: checking for sys/socket.h
configure:7404: result: yes
configure:7404: checking pwd.h usability
configure:7404: gcc -c  -g -O2 -pthread  -DLINUX -D_REENTRANT -D_GNU_SOURCE -D_LARGEFILE64_SOURCE conftest.c >&5
configure:7404: $? = 0
configure:7404: result: yes
configure:7404: checking pwd.h presence
configure:7404: gcc -E  -DLINUX -D_REENTRANT -D_GNU_SOURCE -D_LARGEFILE64_SOURCE conftest.c
configure:7404: $? = 0
configure:7404: result: yes
configure:7404: checking for pwd.h
configure:7404: result: yes
configure:7404: checking grp.h usability
configure:7404: gcc -c  -g -O2 -pthread  -DLINUX -D_REENTRANT -D_GNU_SOURCE -D_LARGEFILE64_SOURCE conftest.c >&5
configure:7404: $? = 0
configure:7404: result: yes
configure:7404: checking grp.h presence
configure:7404: gcc -E  -DLINUX -D_REENTRANT -D_GNU_SOURCE -D_LARGEFILE64_SOURCE conftest.c
configure:7404: $? = 0
configure:7404: result: yes
configure:7404: checking for grp.h
configure:7404: result: yes
configure:7404: checking for strings.h
configure:7404: result: yes
configure:7404: checking sys/prctl.h usability
configure:7404: gcc -c  -g -O2 -pthread  -DLINUX -D_REENTRANT -D_GNU_SOURCE -D_LARGEFILE64_SOURCE conftest.c >&5
configure:7404: $? = 0
configure:7404: result: yes
configure:7404: checking sys/prctl.h presence
configure:7404: gcc -E  -DLINUX -D_REENTRANT -D_GNU_SOURCE -D_LARGEFILE64_SOURCE conftest.c
configure:7404: $? = 0
configure:7404: result: yes
configure:7404: checking for sys/prctl.h
configure:7404: result: yes
configure:7404: checking sys/processor.h usability
configure:7404: gcc -c  -g -O2 -pthread  -DLINUX -D_REENTRANT -D_GNU_SOURCE -D_LARGEFILE64_SOURCE conftest.c >&5
conftest.c:66:27: fatal error: sys/processor.h: No such file or directory
 #include <sys/processor.h>
                           ^
compilation terminated.
configure:7404: $? = 1
configure: failed program was:
| /* confdefs.h */
| #define PACKAGE_NAME ""
| #define PACKAGE_TARNAME ""
| #define PACKAGE_VERSION ""
| #define PACKAGE_STRING ""
| #define PACKAGE_BUGREPORT ""
| #define PACKAGE_URL ""
| #define STDC_HEADERS 1
| #define HAVE_SYS_TYPES_H 1
| #define HAVE_SYS_STAT_H 1
| #define HAVE_STDLIB_H 1
| #define HAVE_STRING_H 1
| #define HAVE_MEMORY_H 1
| #define HAVE_STRINGS_H 1
| #define HAVE_INTTYPES_H 1
| #define HAVE_STDINT_H 1
| #define HAVE_UNISTD_H 1
| #define __EXTENSIONS__ 1
| #define _ALL_SOURCE 1
| #define _GNU_SOURCE 1
| #define _POSIX_PTHREAD_SEMANTICS 1
| #define _TANDEM_SOURCE 1
| #define STDC_HEADERS 1
| #define HAVE_STRING_H 1
| #define HAVE_LIMITS_H 1
| #define HAVE_UNISTD_H 1
| #define HAVE_SYS_SOCKET_H 1
| #define HAVE_PWD_H 1
| #define HAVE_GRP_H 1
| #define HAVE_STRINGS_H 1
| #define HAVE_SYS_PRCTL_H 1
| /* end confdefs.h.  */
| #include <stdio.h>
| #ifdef HAVE_SYS_TYPES_H
| # include <sys/types.h>
| #endif
| #ifdef HAVE_SYS_STAT_H
| # include <sys/stat.h>
| #endif
| #ifdef STDC_HEADERS
| # include <stdlib.h>
| # include <stddef.h>
| #else
| # ifdef HAVE_STDLIB_H
| #  include <stdlib.h>
| # endif
| #endif
| #ifdef HAVE_STRING_H
| # if !defined STDC_HEADERS && defined HAVE_MEMORY_H
| #  include <memory.h>
| # endif
| # include <string.h>
| #endif
| #ifdef HAVE_STRINGS_H
| # include <strings.h>
| #endif
| #ifdef HAVE_INTTYPES_H
| # include <inttypes.h>
| #endif
| #ifdef HAVE_STDINT_H
| # include <stdint.h>
| #endif
| #ifdef HAVE_UNISTD_H
| # include <unistd.h>
| #endif
| #include <sys/processor.h>
configure:7404: result: no
configure:7404: checking sys/processor.h presence
configure:7404: gcc -E  -DLINUX -D_REENTRANT -D_GNU_SOURCE -D_LARGEFILE64_SOURCE conftest.c
conftest.c:33:27: fatal error: sys/processor.h: No such file or directory
 #include <sys/processor.h>
                           ^
compilation terminated.
configure:7404: $? = 1
configure: failed program was:
| /* confdefs.h */
| #define PACKAGE_NAME ""
| #define PACKAGE_TARNAME ""
| #define PACKAGE_VERSION ""
| #define PACKAGE_STRING ""
| #define PACKAGE_BUGREPORT ""
| #define PACKAGE_URL ""
| #define STDC_HEADERS 1
| #define HAVE_SYS_TYPES_H 1
| #define HAVE_SYS_STAT_H 1
| #define HAVE_STDLIB_H 1
| #define HAVE_STRING_H 1
| #define HAVE_MEMORY_H 1
| #define HAVE_STRINGS_H 1
| #define HAVE_INTTYPES_H 1
| #define HAVE_STDINT_H 1
| #define HAVE_UNISTD_H 1
| #define __EXTENSIONS__ 1
| #define _ALL_SOURCE 1
| #define _GNU_SOURCE 1
| #define _POSIX_PTHREAD_SEMANTICS 1
| #define _TANDEM_SOURCE 1
| #define STDC_HEADERS 1
| #define HAVE_STRING_H 1
| #define HAVE_LIMITS_H 1
| #define HAVE_UNISTD_H 1
| #define HAVE_SYS_SOCKET_H 1
| #define HAVE_PWD_H 1
| #define HAVE_GRP_H 1
| #define HAVE_STRINGS_H 1
| #define HAVE_SYS_PRCTL_H 1
| /* end confdefs.h.  */
| #include <sys/processor.h>
configure:7404: result: no
configure:7404: checking for sys/processor.h
configure:7404: result: no
configure:7404: checking sys/sem.h usability
configure:7404: gcc -c  -g -O2 -pthread  -DLINUX -D_REENTRANT -D_GNU_SOURCE -D_LARGEFILE64_SOURCE conftest.c >&5
configure:7404: $? = 0
configure:7404: result: yes
configure:7404: checking sys/sem.h presence
configure:7404: gcc -E  -DLINUX -D_REENTRANT -D_GNU_SOURCE -D_LARGEFILE64_SOURCE conftest.c
configure:7404: $? = 0
configure:7404: result: yes
configure:7404: checking for sys/sem.h
configure:7404: result: yes
configure:7404: checking sys/sdt.h usability
configure:7404: gcc -c  -g -O2 -pthread  -DLINUX -D_REENTRANT -D_GNU_SOURCE -D_LARGEFILE64_SOURCE conftest.c >&5
conftest.c:67:21: fatal error: sys/sdt.h: No such file or directory
 #include <sys/sdt.h>
                     ^
compilation terminated.
configure:7404: $? = 1
configure: failed program was:
| /* confdefs.h */
| #define PACKAGE_NAME ""
| #define PACKAGE_TARNAME ""
| #define PACKAGE_VERSION ""
| #define PACKAGE_STRING ""
| #define PACKAGE_BUGREPORT ""
| #define PACKAGE_URL ""
| #define STDC_HEADERS 1
| #define HAVE_SYS_TYPES_H 1
| #define HAVE_SYS_STAT_H 1
| #define HAVE_STDLIB_H 1
| #define HAVE_STRING_H 1
| #define HAVE_MEMORY_H 1
| #define HAVE_STRINGS_H 1
| #define HAVE_INTTYPES_H 1
| #define HAVE_STDINT_H 1
| #define HAVE_UNISTD_H 1
| #define __EXTENSIONS__ 1
| #define _ALL_SOURCE 1
| #define _GNU_SOURCE 1
| #define _POSIX_PTHREAD_SEMANTICS 1
| #define _TANDEM_SOURCE 1
| #define STDC_HEADERS 1
| #define HAVE_STRING_H 1
| #define HAVE_LIMITS_H 1
| #define HAVE_UNISTD_H 1
| #define HAVE_SYS_SOCKET_H 1
| #define HAVE_PWD_H 1
| #define HAVE_GRP_H 1
| #define HAVE_STRINGS_H 1
| #define HAVE_SYS_PRCTL_H 1
| #define HAVE_SYS_SEM_H 1
| /* end confdefs.h.  */
| #include <stdio.h>
| #ifdef HAVE_SYS_TYPES_H
| # include <sys/types.h>
| #endif
| #ifdef HAVE_SYS_STAT_H
| # include <sys/stat.h>
| #endif
| #ifdef STDC_HEADERS
| # include <stdlib.h>
| # include <stddef.h>
| #else
| # ifdef HAVE_STDLIB_H
| #  include <stdlib.h>
| # endif
| #endif
| #ifdef HAVE_STRING_H
| # if !defined STDC_HEADERS && defined HAVE_MEMORY_H
| #  include <memory.h>
| # endif
| # include <string.h>
| #endif
| #ifdef HAVE_STRINGS_H
| # include <strings.h>
| #endif
| #ifdef HAVE_INTTYPES_H
| # include <inttypes.h>
| #endif
| #ifdef HAVE_STDINT_H
| # include <stdint.h>
| #endif
| #ifdef HAVE_UNISTD_H
| # include <unistd.h>
| #endif
| #include <sys/sdt.h>
configure:7404: result: no
configure:7404: checking sys/sdt.h presence
configure:7404: gcc -E  -DLINUX -D_REENTRANT -D_GNU_SOURCE -D_LARGEFILE64_SOURCE conftest.c
conftest.c:34:21: fatal error: sys/sdt.h: No such file or directory
 #include <sys/sdt.h>
                     ^
compilation terminated.
configure:7404: $? = 1
configure: failed program was:
| /* confdefs.h */
| #define PACKAGE_NAME ""
| #define PACKAGE_TARNAME ""
| #define PACKAGE_VERSION ""
| #define PACKAGE_STRING ""
| #define PACKAGE_BUGREPORT ""
| #define PACKAGE_URL ""
| #define STDC_HEADERS 1
| #define HAVE_SYS_TYPES_H 1
| #define HAVE_SYS_STAT_H 1
| #define HAVE_STDLIB_H 1
| #define HAVE_STRING_H 1
| #define HAVE_MEMORY_H 1
| #define HAVE_STRINGS_H 1
| #define HAVE_INTTYPES_H 1
| #define HAVE_STDINT_H 1
| #define HAVE_UNISTD_H 1
| #define __EXTENSIONS__ 1
| #define _ALL_SOURCE 1
| #define _GNU_SOURCE 1
| #define _POSIX_PTHREAD_SEMANTICS 1
| #define _TANDEM_SOURCE 1
| #define STDC_HEADERS 1
| #define HAVE_STRING_H 1
| #define HAVE_LIMITS_H 1
| #define HAVE_UNISTD_H 1
| #define HAVE_SYS_SOCKET_H 1
| #define HAVE_PWD_H 1
| #define HAVE_GRP_H 1
| #define HAVE_STRINGS_H 1
| #define HAVE_SYS_PRCTL_H 1
| #define HAVE_SYS_SEM_H 1
| /* end confdefs.h.  */
| #include <sys/sdt.h>
configure:7404: result: no
configure:7404: checking for sys/sdt.h
configure:7404: result: no
configure:7404: checking sys/loadavg.h usability
configure:7404: gcc -c  -g -O2 -pthread  -DLINUX -D_REENTRANT -D_GNU_SOURCE -D_LARGEFILE64_SOURCE conftest.c >&5
conftest.c:67:25: fatal error: sys/loadavg.h: No such file or directory
 #include <sys/loadavg.h>
                         ^
compilation terminated.
configure:7404: $? = 1
configure: failed program was:
| /* confdefs.h */
| #define PACKAGE_NAME ""
| #define PACKAGE_TARNAME ""
| #define PACKAGE_VERSION ""
| #define PACKAGE_STRING ""
| #define PACKAGE_BUGREPORT ""
| #define PACKAGE_URL ""
| #define STDC_HEADERS 1
| #define HAVE_SYS_TYPES_H 1
| #define HAVE_SYS_STAT_H 1
| #define HAVE_STDLIB_H 1
| #define HAVE_STRING_H 1
| #define HAVE_MEMORY_H 1
| #define HAVE_STRINGS_H 1
| #define HAVE_INTTYPES_H 1
| #define HAVE_STDINT_H 1
| #define HAVE_UNISTD_H 1
| #define __EXTENSIONS__ 1
| #define _ALL_SOURCE 1
| #define _GNU_SOURCE 1
| #define _POSIX_PTHREAD_SEMANTICS 1
| #define _TANDEM_SOURCE 1
| #define STDC_HEADERS 1
| #define HAVE_STRING_H 1
| #define HAVE_LIMITS_H 1
| #define HAVE_UNISTD_H 1
| #define HAVE_SYS_SOCKET_H 1
| #define HAVE_PWD_H 1
| #define HAVE_GRP_H 1
| #define HAVE_STRINGS_H 1
| #define HAVE_SYS_PRCTL_H 1
| #define HAVE_SYS_SEM_H 1
| /* end confdefs.h.  */
| #include <stdio.h>
| #ifdef HAVE_SYS_TYPES_H
| # include <sys/types.h>
| #endif
| #ifdef HAVE_SYS_STAT_H
| # include <sys/stat.h>
| #endif
| #ifdef STDC_HEADERS
| # include <stdlib.h>
| # include <stddef.h>
| #else
| # ifdef HAVE_STDLIB_H
| #  include <stdlib.h>
| # endif
| #endif
| #ifdef HAVE_STRING_H
| # if !defined STDC_HEADERS && defined HAVE_MEMORY_H
| #  include <memory.h>
| # endif
| # include <string.h>
| #endif
| #ifdef HAVE_STRINGS_H
| # include <strings.h>
| #endif
| #ifdef HAVE_INTTYPES_H
| # include <inttypes.h>
| #endif
| #ifdef HAVE_STDINT_H
| # include <stdint.h>
| #endif
| #ifdef HAVE_UNISTD_H
| # include <unistd.h>
| #endif
| #include <sys/loadavg.h>
configure:7404: result: no
configure:7404: checking sys/loadavg.h presence
configure:7404: gcc -E  -DLINUX -D_REENTRANT -D_GNU_SOURCE -D_LARGEFILE64_SOURCE conftest.c
conftest.c:34:25: fatal error: sys/loadavg.h: No such file or directory
 #include <sys/loadavg.h>
                         ^
compilation terminated.
configure:7404: $? = 1
configure: failed program was:
| /* confdefs.h */
| #define PACKAGE_NAME ""
| #define PACKAGE_TARNAME ""
| #define PACKAGE_VERSION ""
| #define PACKAGE_STRING ""
| #define PACKAGE_BUGREPORT ""
| #define PACKAGE_URL ""
| #define STDC_HEADERS 1
| #define HAVE_SYS_TYPES_H 1
| #define HAVE_SYS_STAT_H 1
| #define HAVE_STDLIB_H 1
| #define HAVE_STRING_H 1
| #define HAVE_MEMORY_H 1
| #define HAVE_STRINGS_H 1
| #define HAVE_INTTYPES_H 1
| #define HAVE_STDINT_H 1
| #define HAVE_UNISTD_H 1
| #define __EXTENSIONS__ 1
| #define _ALL_SOURCE 1
| #define _GNU_SOURCE 1
| #define _POSIX_PTHREAD_SEMANTICS 1
| #define _TANDEM_SOURCE 1
| #define STDC_HEADERS 1
| #define HAVE_STRING_H 1
| #define HAVE_LIMITS_H 1
| #define HAVE_UNISTD_H 1
| #define HAVE_SYS_SOCKET_H 1
| #define HAVE_PWD_H 1
| #define HAVE_GRP_H 1
| #define HAVE_STRINGS_H 1
| #define HAVE_SYS_PRCTL_H 1
| #define HAVE_SYS_SEM_H 1
| /* end confdefs.h.  */
| #include <sys/loadavg.h>
configure:7404: result: no
configure:7404: checking for sys/loadavg.h
configure:7404: result: no
configure:7414: checking for sys/wait.h that is POSIX.1 compatible
configure:7440: gcc -c  -g -O2 -pthread  -DLINUX -D_REENTRANT -D_GNU_SOURCE -D_LARGEFILE64_SOURCE conftest.c >&5
configure:7440: $? = 0
configure:7447: result: yes
configure:7457: checking for an ANSI C-conforming const
configure:7523: gcc -c  -g -O2 -pthread  -DLINUX -D_REENTRANT -D_GNU_SOURCE -D_LARGEFILE64_SOURCE conftest.c >&5
configure:7523: $? = 0
configure:7530: result: yes
configure:7541: checking for library containing sqrt
configure:7572: gcc -o conftest  -g -O2 -pthread  -DLINUX -D_REENTRANT -D_GNU_SOURCE -D_LARGEFILE64_SOURCE   conftest.c  >&5
conftest.c:42:6: warning: conflicting types for built-in function 'sqrt'
 char sqrt ();
      ^~~~
/tmp/ccCRU9R8.o: In function `main':
/home/pi/httpd-2.4.29/conftest.c:46: undefined reference to `sqrt'
collect2: error: ld returned 1 exit status
configure:7572: $? = 1
configure: failed program was:
| /* confdefs.h */
| #define PACKAGE_NAME ""
| #define PACKAGE_TARNAME ""
| #define PACKAGE_VERSION ""
| #define PACKAGE_STRING ""
| #define PACKAGE_BUGREPORT ""
| #define PACKAGE_URL ""
| #define STDC_HEADERS 1
| #define HAVE_SYS_TYPES_H 1
| #define HAVE_SYS_STAT_H 1
| #define HAVE_STDLIB_H 1
| #define HAVE_STRING_H 1
| #define HAVE_MEMORY_H 1
| #define HAVE_STRINGS_H 1
| #define HAVE_INTTYPES_H 1
| #define HAVE_STDINT_H 1
| #define HAVE_UNISTD_H 1
| #define __EXTENSIONS__ 1
| #define _ALL_SOURCE 1
| #define _GNU_SOURCE 1
| #define _POSIX_PTHREAD_SEMANTICS 1
| #define _TANDEM_SOURCE 1
| #define STDC_HEADERS 1
| #define HAVE_STRING_H 1
| #define HAVE_LIMITS_H 1
| #define HAVE_UNISTD_H 1
| #define HAVE_SYS_SOCKET_H 1
| #define HAVE_PWD_H 1
| #define HAVE_GRP_H 1
| #define HAVE_STRINGS_H 1
| #define HAVE_SYS_PRCTL_H 1
| #define HAVE_SYS_SEM_H 1
| #define HAVE_SYS_WAIT_H 1
| /* end confdefs.h.  */
| 
| /* Override any GCC internal prototype to avoid an error.
|    Use char because int might match the return type of a GCC
|    builtin and then its argument prototype would still apply.  */
| #ifdef __cplusplus
| extern "C"
| #endif
| char sqrt ();
| int
| main ()
| {
| return sqrt ();
|   ;
|   return 0;
| }
configure:7572: gcc -o conftest  -g -O2 -pthread  -DLINUX -D_REENTRANT -D_GNU_SOURCE -D_LARGEFILE64_SOURCE   conftest.c -lm   >&5
conftest.c:42:6: warning: conflicting types for built-in function 'sqrt'
 char sqrt ();
      ^~~~
configure:7572: $? = 0
configure:7589: result: -lm
configure:7606: checking for library containing crypt
configure:7637: gcc -o conftest  -g -O2 -pthread  -DLINUX -D_REENTRANT -D_GNU_SOURCE -D_LARGEFILE64_SOURCE   conftest.c  >&5
/tmp/ccWpxXry.o: In function `main':
/home/pi/httpd-2.4.29/conftest.c:46: undefined reference to `crypt'
collect2: error: ld returned 1 exit status
configure:7637: $? = 1
configure: failed program was:
| /* confdefs.h */
| #define PACKAGE_NAME ""
| #define PACKAGE_TARNAME ""
| #define PACKAGE_VERSION ""
| #define PACKAGE_STRING ""
| #define PACKAGE_BUGREPORT ""
| #define PACKAGE_URL ""
| #define STDC_HEADERS 1
| #define HAVE_SYS_TYPES_H 1
| #define HAVE_SYS_STAT_H 1
| #define HAVE_STDLIB_H 1
| #define HAVE_STRING_H 1
| #define HAVE_MEMORY_H 1
| #define HAVE_STRINGS_H 1
| #define HAVE_INTTYPES_H 1
| #define HAVE_STDINT_H 1
| #define HAVE_UNISTD_H 1
| #define __EXTENSIONS__ 1
| #define _ALL_SOURCE 1
| #define _GNU_SOURCE 1
| #define _POSIX_PTHREAD_SEMANTICS 1
| #define _TANDEM_SOURCE 1
| #define STDC_HEADERS 1
| #define HAVE_STRING_H 1
| #define HAVE_LIMITS_H 1
| #define HAVE_UNISTD_H 1
| #define HAVE_SYS_SOCKET_H 1
| #define HAVE_PWD_H 1
| #define HAVE_GRP_H 1
| #define HAVE_STRINGS_H 1
| #define HAVE_SYS_PRCTL_H 1
| #define HAVE_SYS_SEM_H 1
| #define HAVE_SYS_WAIT_H 1
| /* end confdefs.h.  */
| 
| /* Override any GCC internal prototype to avoid an error.
|    Use char because int might match the return type of a GCC
|    builtin and then its argument prototype would still apply.  */
| #ifdef __cplusplus
| extern "C"
| #endif
| char crypt ();
| int
| main ()
| {
| return crypt ();
|   ;
|   return 0;
| }
configure:7637: gcc -o conftest  -g -O2 -pthread  -DLINUX -D_REENTRANT -D_GNU_SOURCE -D_LARGEFILE64_SOURCE   conftest.c -lcrypt   >&5
configure:7637: $? = 0
configure:7654: result: -lcrypt
configure:7683: checking for getpwnam
configure:7683: gcc -o conftest  -g -O2 -pthread  -DLINUX -D_REENTRANT -D_GNU_SOURCE -D_LARGEFILE64_SOURCE   conftest.c  >&5
configure:7683: $? = 0
configure:7683: result: yes
configure:7683: checking for getgrnam
configure:7683: gcc -o conftest  -g -O2 -pthread  -DLINUX -D_REENTRANT -D_GNU_SOURCE -D_LARGEFILE64_SOURCE   conftest.c  >&5
configure:7683: $? = 0
configure:7683: result: yes
configure:7683: checking for initgroups
configure:7683: gcc -o conftest  -g -O2 -pthread  -DLINUX -D_REENTRANT -D_GNU_SOURCE -D_LARGEFILE64_SOURCE   conftest.c  >&5
configure:7683: $? = 0
configure:7683: result: yes
configure:7683: checking for bindprocessor
configure:7683: gcc -o conftest  -g -O2 -pthread  -DLINUX -D_REENTRANT -D_GNU_SOURCE -D_LARGEFILE64_SOURCE   conftest.c  >&5
/tmp/ccIAP7Wb.o: In function `main':
/home/pi/httpd-2.4.29/conftest.c:72: undefined reference to `bindprocessor'
collect2: error: ld returned 1 exit status
configure:7683: $? = 1
configure: failed program was:
| /* confdefs.h */
| #define PACKAGE_NAME ""
| #define PACKAGE_TARNAME ""
| #define PACKAGE_VERSION ""
| #define PACKAGE_STRING ""
| #define PACKAGE_BUGREPORT ""
| #define PACKAGE_URL ""
| #define STDC_HEADERS 1
| #define HAVE_SYS_TYPES_H 1
| #define HAVE_SYS_STAT_H 1
| #define HAVE_STDLIB_H 1
| #define HAVE_STRING_H 1
| #define HAVE_MEMORY_H 1
| #define HAVE_STRINGS_H 1
| #define HAVE_INTTYPES_H 1
| #define HAVE_STDINT_H 1
| #define HAVE_UNISTD_H 1
| #define __EXTENSIONS__ 1
| #define _ALL_SOURCE 1
| #define _GNU_SOURCE 1
| #define _POSIX_PTHREAD_SEMANTICS 1
| #define _TANDEM_SOURCE 1
| #define STDC_HEADERS 1
| #define HAVE_STRING_H 1
| #define HAVE_LIMITS_H 1
| #define HAVE_UNISTD_H 1
| #define HAVE_SYS_SOCKET_H 1
| #define HAVE_PWD_H 1
| #define HAVE_GRP_H 1
| #define HAVE_STRINGS_H 1
| #define HAVE_SYS_PRCTL_H 1
| #define HAVE_SYS_SEM_H 1
| #define HAVE_SYS_WAIT_H 1
| #define HAVE_GETPWNAM 1
| #define HAVE_GETGRNAM 1
| #define HAVE_INITGROUPS 1
| /* end confdefs.h.  */
| /* Define bindprocessor to an innocuous variant, in case <limits.h> declares bindprocessor.
|    For example, HP-UX 11i <limits.h> declares gettimeofday.  */
| #define bindprocessor innocuous_bindprocessor
| 
| /* System header to define __stub macros and hopefully few prototypes,
|     which can conflict with char bindprocessor (); below.
|     Prefer <limits.h> to <assert.h> if __STDC__ is defined, since
|     <limits.h> exists even on freestanding compilers.  */
| 
| #ifdef __STDC__
| # include <limits.h>
| #else
| # include <assert.h>
| #endif
| 
| #undef bindprocessor
| 
| /* Override any GCC internal prototype to avoid an error.
|    Use char because int might match the return type of a GCC
|    builtin and then its argument prototype would still apply.  */
| #ifdef __cplusplus
| extern "C"
| #endif
| char bindprocessor ();
| /* The GNU C library defines this for functions which it implements
|     to always fail with ENOSYS.  Some functions are actually named
|     something starting with __ and the normal name is an alias.  */
| #if defined __stub_bindprocessor || defined __stub___bindprocessor
| choke me
| #endif
| 
| int
| main ()
| {
| return bindprocessor ();
|   ;
|   return 0;
| }
configure:7683: result: no
configure:7683: checking for prctl
configure:7683: gcc -o conftest  -g -O2 -pthread  -DLINUX -D_REENTRANT -D_GNU_SOURCE -D_LARGEFILE64_SOURCE   conftest.c  >&5
configure:7683: $? = 0
configure:7683: result: yes
configure:7683: checking for timegm
configure:7683: gcc -o conftest  -g -O2 -pthread  -DLINUX -D_REENTRANT -D_GNU_SOURCE -D_LARGEFILE64_SOURCE   conftest.c  >&5
configure:7683: $? = 0
configure:7683: result: yes
configure:7683: checking for getpgid
configure:7683: gcc -o conftest  -g -O2 -pthread  -DLINUX -D_REENTRANT -D_GNU_SOURCE -D_LARGEFILE64_SOURCE   conftest.c  >&5
configure:7683: $? = 0
configure:7683: result: yes
configure:7683: checking for fopen64
configure:7683: gcc -o conftest  -g -O2 -pthread  -DLINUX -D_REENTRANT -D_GNU_SOURCE -D_LARGEFILE64_SOURCE   conftest.c  >&5
configure:7683: $? = 0
configure:7683: result: yes
configure:7683: checking for getloadavg
configure:7683: gcc -o conftest  -g -O2 -pthread  -DLINUX -D_REENTRANT -D_GNU_SOURCE -D_LARGEFILE64_SOURCE   conftest.c  >&5
configure:7683: $? = 0
configure:7683: result: yes
configure:7695: checking for void pointer length
configure:7711: gcc -o conftest  -g -O2 -pthread  -DLINUX -D_REENTRANT -D_GNU_SOURCE -D_LARGEFILE64_SOURCE   conftest.c  >&5
configure:7711: $? = 0
configure:7711: ./conftest
configure:7711: $? = 0
configure:7721: result: no
configure:7729: checking for gettid()
configure:7746: gcc -o conftest  -g -O2 -pthread  -DLINUX -D_REENTRANT -D_GNU_SOURCE -D_LARGEFILE64_SOURCE   conftest.c  >&5
conftest.c:43:0: warning: "_GNU_SOURCE" redefined
 #define _GNU_SOURCE
 
conftest.c:20:0: note: this is the location of the previous definition
 #define _GNU_SOURCE 1
 
configure:7746: $? = 0
configure:7746: ./conftest
configure:7746: $? = 0
configure:7756: result: yes
configure:7764: checking for tm_gmtoff in struct tm
configure:7781: gcc -c  -g -O2 -pthread  -DLINUX -D_REENTRANT -D_GNU_SOURCE -D_LARGEFILE64_SOURCE conftest.c >&5
configure:7781: $? = 0
configure:7788: result: yes
configure:9523: checking whether to enable mod_authn_file
configure:9584: result: shared
configure:9664: checking whether to enable mod_authn_dbm
configure:9725: result: shared (most)
configure:9805: checking whether to enable mod_authn_anon
configure:9866: result: shared (most)
configure:9946: checking whether to enable mod_authn_dbd
configure:10007: result: shared (most)
configure:10087: checking whether to enable mod_authn_socache
configure:10148: result: shared (most)
configure:10229: checking whether to enable mod_authn_core
configure:10290: result: shared
configure:10371: checking whether to enable mod_authz_host
configure:10432: result: shared
configure:10512: checking whether to enable mod_authz_groupfile
configure:10573: result: shared
configure:10653: checking whether to enable mod_authz_user
configure:10714: result: shared
configure:10794: checking whether to enable mod_authz_dbm
configure:10855: result: shared (most)
configure:10935: checking whether to enable mod_authz_owner
configure:10996: result: shared (most)
configure:11076: checking whether to enable mod_authz_dbd
configure:11137: result: shared (most)
configure:11218: checking whether to enable mod_authz_core
configure:11279: result: shared
configure:11360: checking whether to enable mod_authnz_ldap
configure:11419: result: checking dependencies
configure:11424: checking for ldap support in apr/apr-util
configure:11452: result: no
configure:11484: WARNING: apr/apr-util is compiled without ldap support
configure:11490: checking whether to enable mod_authnz_ldap
configure:11500: result: no (disabled)
configure:11581: checking whether to enable mod_authnz_fcgi
configure:11642: result: no
configure:11723: checking whether to enable mod_access_compat
configure:11784: result: shared
configure:11866: checking whether to enable mod_auth_basic
configure:11927: result: shared
configure:12007: checking whether to enable mod_auth_form
configure:12068: result: shared (most)
configure:12148: checking whether to enable mod_auth_digest
configure:12207: result: checking dependencies
configure:12240: checking whether to enable mod_auth_digest
configure:12250: result: shared (most)
configure:12331: checking whether to enable mod_allowmethods
configure:12392: result: shared (most)
configure:12528: checking whether to enable mod_isapi
configure:12589: result: no
configure:12703: checking whether to enable mod_file_cache
configure:12764: result: shared (most)
configure:12858: checking whether to enable mod_cache
configure:12919: result: shared (most)
configure:12999: checking whether to enable mod_cache_disk
configure:13058: result: checking dependencies
configure:13071: checking whether to enable mod_cache_disk
configure:13081: result: shared (most)
configure:13161: checking whether to enable mod_cache_socache
configure:13222: result: shared (most)
configure:13305: checking whether to enable mod_socache_shmcb
configure:13366: result: shared (most)
configure:13446: checking whether to enable mod_socache_dbm
configure:13507: result: shared (most)
configure:13587: checking whether to enable mod_socache_memcache
configure:13648: result: shared (most)
configure:13728: checking whether to enable mod_socache_dc
configure:14102: result: no
configure:14320: checking whether to enable mod_so
configure:14381: result: static
configure:14462: checking whether to enable mod_watchdog
configure:14521: result: checking dependencies
configure:14554: checking whether to enable mod_watchdog
configure:14564: result: shared (most)
configure:14645: checking whether to enable mod_macro
configure:14706: result: shared (most)
configure:14841: checking whether to enable mod_dbd
configure:14902: result: shared (most)
configure:15037: checking whether to enable mod_bucketeer
configure:15098: result: no
configure:15178: checking whether to enable mod_dumpio
configure:15239: result: shared (most)
configure:15353: checking whether to enable mod_echo
configure:15414: result: no
configure:15527: checking whether to enable mod_example_hooks
configure:15588: result: no
configure:15668: checking whether to enable mod_case_filter
configure:15729: result: no
configure:15809: checking whether to enable mod_case_filter_in
configure:15870: result: no
configure:15950: checking whether to enable mod_example_ipc
configure:16011: result: no
configure:16157: checking whether to enable mod_buffer
configure:16218: result: shared (most)
configure:16298: checking whether to enable mod_data
configure:16359: result: no
configure:16439: checking whether to enable mod_ratelimit
configure:16500: result: shared (most)
configure:16580: checking whether to enable mod_reqtimeout
configure:16641: result: shared
configure:16721: checking whether to enable mod_ext_filter
configure:16782: result: shared (most)
configure:16862: checking whether to enable mod_request
configure:16923: result: shared (most)
configure:17003: checking whether to enable mod_include
configure:17064: result: shared (most)
configure:17144: checking whether to enable mod_filter
configure:17205: result: shared
configure:17285: checking whether to enable mod_reflector
configure:17346: result: no
configure:17426: checking whether to enable mod_substitute
configure:17487: result: shared (most)
configure:17569: checking whether to enable mod_sed
configure:17628: result: checking dependencies
configure:17659: checking whether to enable mod_sed
configure:17669: result: shared (most)
configure:17895: checking whether to enable mod_charset_lite
configure:17956: result: no
configure:18039: checking whether to enable mod_deflate
configure:18098: result: checking dependencies
configure:18114: checking for zlib location
configure:18135: result: /usr
configure:18296: checking for zlib library
configure:18309: gcc -o conftest  -g -O2 -pthread  -DLINUX -D_REENTRANT -D_GNU_SOURCE -D_LARGEFILE64_SOURCE   conftest.c -lz >&5
configure:18309: $? = 0
configure:18310: result: found
configure:18373: checking whether to enable mod_deflate
configure:18383: result: shared (most)
configure:18466: checking whether to enable mod_xml2enc
configure:18623: result: no
configure:18703: checking whether to enable mod_proxy_html
configure:18861: result: no
configure:18942: checking whether to enable mod_brotli
configure:19001: result: checking dependencies
configure:19070: checking for Brotli library >= 0.6.0 via pkg-config
configure:19079: result: no
configure:19158: checking whether to enable mod_brotli
configure:19168: result: no (disabled)
configure:19311: checking whether to enable mod_http
configure:19372: result: static
configure:19452: checking whether to enable mod_mime
configure:19513: result: shared
configure:19628: checking whether to enable mod_ldap
configure:19687: result: checking dependencies
configure:19692: checking for ldap support in apr/apr-util
configure:19720: result: no
configure:19752: WARNING: apr/apr-util is compiled without ldap support
configure:19758: checking whether to enable mod_ldap
configure:19768: result: no (disabled)
configure:19904: checking whether to enable mod_log_config
configure:19965: result: shared
configure:20045: checking whether to enable mod_log_debug
configure:20106: result: shared (most)
configure:20186: checking whether to enable mod_log_forensic
configure:20247: result: no
configure:20353: checking whether to enable mod_logio
configure:20414: result: shared (most)
configure:20555: checking whether to enable mod_lua
configure:21684: result: no
configure:21820: checking whether to enable mod_env
configure:21881: result: shared
configure:21961: checking whether to enable mod_mime_magic
configure:22022: result: no
configure:22102: checking whether to enable mod_cern_meta
configure:22163: result: no
configure:22243: checking whether to enable mod_expires
configure:22304: result: shared (most)
configure:22384: checking whether to enable mod_headers
configure:22445: result: shared
configure:22525: checking whether to enable mod_ident
configure:22586: result: no
configure:22667: checking whether to enable mod_usertrack
configure:22765: result: no
configure:22846: checking whether to enable mod_unique_id
configure:22907: result: shared (most)
configure:22987: checking whether to enable mod_setenvif
configure:23048: result: shared
configure:23128: checking whether to enable mod_version
configure:23189: result: shared
configure:23269: checking whether to enable mod_remoteip
configure:23330: result: shared (most)
configure:23444: checking whether to enable mod_proxy
configure:23505: result: shared (most)
configure:23621: checking whether to enable mod_proxy_connect
configure:23680: result: checking dependencies
configure:23693: checking whether to enable mod_proxy_connect
configure:23703: result: shared (most)
configure:23783: checking whether to enable mod_proxy_ftp
configure:23842: result: checking dependencies
configure:23855: checking whether to enable mod_proxy_ftp
configure:23865: result: shared (most)
configure:23945: checking whether to enable mod_proxy_http
configure:24004: result: checking dependencies
configure:24017: checking whether to enable mod_proxy_http
configure:24027: result: shared (most)
configure:24107: checking whether to enable mod_proxy_fcgi
configure:24166: result: checking dependencies
configure:24179: checking whether to enable mod_proxy_fcgi
configure:24189: result: shared (most)
configure:24269: checking whether to enable mod_proxy_scgi
configure:24328: result: checking dependencies
configure:24341: checking whether to enable mod_proxy_scgi
configure:24351: result: shared (most)
configure:24431: checking whether to enable mod_proxy_fdpass
configure:24490: result: checking dependencies
configure:24502: checking whether CMSG_DATA is declared
configure:24502: gcc -c  -g -O2 -pthread  -DLINUX -D_REENTRANT -D_GNU_SOURCE -D_LARGEFILE64_SOURCE conftest.c >&5
configure:24502: $? = 0
configure:24502: result: yes
configure:24518: checking whether to enable mod_proxy_fdpass
configure:24528: result: shared (most)
configure:24608: checking whether to enable mod_proxy_wstunnel
configure:24667: result: checking dependencies
configure:24680: checking whether to enable mod_proxy_wstunnel
configure:24690: result: shared (most)
configure:24770: checking whether to enable mod_proxy_ajp
configure:24829: result: checking dependencies
configure:24842: checking whether to enable mod_proxy_ajp
configure:24852: result: shared (most)
configure:24932: checking whether to enable mod_proxy_balancer
configure:24991: result: checking dependencies
configure:25004: checking whether to enable mod_proxy_balancer
configure:25014: result: shared (most)
configure:25095: checking whether to enable mod_proxy_express
configure:25154: result: checking dependencies
configure:25167: checking whether to enable mod_proxy_express
configure:25177: result: shared (most)
configure:25257: checking whether to enable mod_proxy_hcheck
configure:25316: result: checking dependencies
configure:25337: checking whether to enable mod_proxy_hcheck
configure:25347: result: shared (most)
configure:25508: checking whether to enable mod_session
configure:25569: result: shared (most)
configure:25649: checking whether to enable mod_session_cookie
configure:25708: result: checking dependencies
configure:25721: checking whether to enable mod_session_cookie
configure:25731: result: shared (most)
configure:25834: gcc -c  -g -O2 -pthread  -DLINUX -D_REENTRANT -D_GNU_SOURCE -D_LARGEFILE64_SOURCE  -I/home/pi/httpd-2.4.29/srclib/apr/include   -I/home/pi/httpd-2.4.29/srclib/apr-util/include -I/home/pi/httpd-2.4.29/srclib/apr-util/xml/expat/lib conftest.c >&5
conftest.c: In function 'main':
conftest.c:51:2: error: #error no crypto support
 #error no crypto support
  ^~~~~
configure:25834: $? = 1
configure: failed program was:
| /* confdefs.h */
| #define PACKAGE_NAME ""
| #define PACKAGE_TARNAME ""
| #define PACKAGE_VERSION ""
| #define PACKAGE_STRING ""
| #define PACKAGE_BUGREPORT ""
| #define PACKAGE_URL ""
| #define STDC_HEADERS 1
| #define HAVE_SYS_TYPES_H 1
| #define HAVE_SYS_STAT_H 1
| #define HAVE_STDLIB_H 1
| #define HAVE_STRING_H 1
| #define HAVE_MEMORY_H 1
| #define HAVE_STRINGS_H 1
| #define HAVE_INTTYPES_H 1
| #define HAVE_STDINT_H 1
| #define HAVE_UNISTD_H 1
| #define __EXTENSIONS__ 1
| #define _ALL_SOURCE 1
| #define _GNU_SOURCE 1
| #define _POSIX_PTHREAD_SEMANTICS 1
| #define _TANDEM_SOURCE 1
| #define STDC_HEADERS 1
| #define HAVE_STRING_H 1
| #define HAVE_LIMITS_H 1
| #define HAVE_UNISTD_H 1
| #define HAVE_SYS_SOCKET_H 1
| #define HAVE_PWD_H 1
| #define HAVE_GRP_H 1
| #define HAVE_STRINGS_H 1
| #define HAVE_SYS_PRCTL_H 1
| #define HAVE_SYS_SEM_H 1
| #define HAVE_SYS_WAIT_H 1
| #define HAVE_GETPWNAM 1
| #define HAVE_GETGRNAM 1
| #define HAVE_INITGROUPS 1
| #define HAVE_PRCTL 1
| #define HAVE_TIMEGM 1
| #define HAVE_GETPGID 1
| #define HAVE_FOPEN64 1
| #define HAVE_GETLOADAVG 1
| #define HAVE_GETTID 1
| #define HAVE_GMTOFF 1
| /* end confdefs.h.  */
| #include <apr_crypto.h>
| int
| main ()
| {
| 
| #if APU_HAVE_CRYPTO == 0
| #error no crypto support
| #endif
| 
|   ;
|   return 0;
| }
configure:25842: WARNING: Your APR does not include SSL/EVP support. To enable it: configure --with-crypto
configure:25851: checking whether to enable mod_session_crypto
configure:25937: result: no
configure:26018: checking whether to enable mod_session_dbd
configure:26077: result: checking dependencies
configure:26090: checking whether to enable mod_session_dbd
configure:26100: result: shared (most)
configure:26237: checking whether to enable mod_slotmem_shm
configure:26298: result: shared (most)
configure:26378: checking whether to enable mod_slotmem_plain
configure:26439: result: no
configure:26553: checking whether to enable mod_ssl
configure:26612: result: checking dependencies
configure:26617: checking for OpenSSL
configure:26630: checking for user-provided OpenSSL base directory
configure:26643: result: none
configure:26979: checking for OpenSSL version >= 0.9.8a
configure:26998: gcc -c  -g -O2 -pthread  -DLINUX -D_REENTRANT -D_GNU_SOURCE -D_LARGEFILE64_SOURCE -I/usr/local/include conftest.c >&5
configure:26998: $? = 0
configure:26999: result: OK
configure:27068: checking openssl/engine.h usability
configure:27068: gcc -c  -g -O2 -pthread  -DLINUX -D_REENTRANT -D_GNU_SOURCE -D_LARGEFILE64_SOURCE -I/usr/local/include conftest.c >&5
configure:27068: $? = 0
configure:27068: result: yes
configure:27068: checking openssl/engine.h presence
configure:27068: gcc -E  -DLINUX -D_REENTRANT -D_GNU_SOURCE -D_LARGEFILE64_SOURCE -I/usr/local/include conftest.c
configure:27068: $? = 0
configure:27068: result: yes
configure:27068: checking for openssl/engine.h
configure:27068: result: yes
configure:27080: checking for SSL_CTX_new
configure:27080: gcc -o conftest  -g -O2 -pthread  -DLINUX -D_REENTRANT -D_GNU_SOURCE -D_LARGEFILE64_SOURCE -I/usr/local/include   -L/usr/local/lib conftest.c -lssl -lcrypto  -lrt -lcrypt  -lpthread -ldl >&5
configure:27080: $? = 0
configure:27080: result: yes
configure:27094: checking for ENGINE_init
configure:27094: gcc -o conftest  -g -O2 -pthread  -DLINUX -D_REENTRANT -D_GNU_SOURCE -D_LARGEFILE64_SOURCE -I/usr/local/include   -L/usr/local/lib conftest.c -lssl -lcrypto  -lrt -lcrypt  -lpthread -ldl >&5
configure:27094: $? = 0
configure:27094: result: yes
configure:27094: checking for ENGINE_load_builtin_engines
configure:27094: gcc -o conftest  -g -O2 -pthread  -DLINUX -D_REENTRANT -D_GNU_SOURCE -D_LARGEFILE64_SOURCE -I/usr/local/include   -L/usr/local/lib conftest.c -lssl -lcrypto  -lrt -lcrypt  -lpthread -ldl >&5
configure:27094: $? = 0
configure:27094: result: yes
configure:27094: checking for RAND_egd
configure:27094: gcc -o conftest  -g -O2 -pthread  -DLINUX -D_REENTRANT -D_GNU_SOURCE -D_LARGEFILE64_SOURCE -I/usr/local/include   -L/usr/local/lib conftest.c -lssl -lcrypto  -lrt -lcrypt  -lpthread -ldl >&5
/tmp/ccCVcusx.o: In function `main':
/home/pi/httpd-2.4.29/conftest.c:83: undefined reference to `RAND_egd'
collect2: error: ld returned 1 exit status
configure:27094: $? = 1
configure: failed program was:
| /* confdefs.h */
| #define PACKAGE_NAME ""
| #define PACKAGE_TARNAME ""
| #define PACKAGE_VERSION ""
| #define PACKAGE_STRING ""
| #define PACKAGE_BUGREPORT ""
| #define PACKAGE_URL ""
| #define STDC_HEADERS 1
| #define HAVE_SYS_TYPES_H 1
| #define HAVE_SYS_STAT_H 1
| #define HAVE_STDLIB_H 1
| #define HAVE_STRING_H 1
| #define HAVE_MEMORY_H 1
| #define HAVE_STRINGS_H 1
| #define HAVE_INTTYPES_H 1
| #define HAVE_STDINT_H 1
| #define HAVE_UNISTD_H 1
| #define __EXTENSIONS__ 1
| #define _ALL_SOURCE 1
| #define _GNU_SOURCE 1
| #define _POSIX_PTHREAD_SEMANTICS 1
| #define _TANDEM_SOURCE 1
| #define STDC_HEADERS 1
| #define HAVE_STRING_H 1
| #define HAVE_LIMITS_H 1
| #define HAVE_UNISTD_H 1
| #define HAVE_SYS_SOCKET_H 1
| #define HAVE_PWD_H 1
| #define HAVE_GRP_H 1
| #define HAVE_STRINGS_H 1
| #define HAVE_SYS_PRCTL_H 1
| #define HAVE_SYS_SEM_H 1
| #define HAVE_SYS_WAIT_H 1
| #define HAVE_GETPWNAM 1
| #define HAVE_GETGRNAM 1
| #define HAVE_INITGROUPS 1
| #define HAVE_PRCTL 1
| #define HAVE_TIMEGM 1
| #define HAVE_GETPGID 1
| #define HAVE_FOPEN64 1
| #define HAVE_GETLOADAVG 1
| #define HAVE_GETTID 1
| #define HAVE_GMTOFF 1
| #define HAVE_OPENSSL_ENGINE_H 1
| #define HAVE_SSL_CTX_NEW 1
| #define HAVE_ENGINE_INIT 1
| #define HAVE_ENGINE_LOAD_BUILTIN_ENGINES 1
| /* end confdefs.h.  */
| /* Define RAND_egd to an innocuous variant, in case <limits.h> declares RAND_egd.
|    For example, HP-UX 11i <limits.h> declares gettimeofday.  */
| #define RAND_egd innocuous_RAND_egd
| 
| /* System header to define __stub macros and hopefully few prototypes,
|     which can conflict with char RAND_egd (); below.
|     Prefer <limits.h> to <assert.h> if __STDC__ is defined, since
|     <limits.h> exists even on freestanding compilers.  */
| 
| #ifdef __STDC__
| # include <limits.h>
| #else
| # include <assert.h>
| #endif
| 
| #undef RAND_egd
| 
| /* Override any GCC internal prototype to avoid an error.
|    Use char because int might match the return type of a GCC
|    builtin and then its argument prototype would still apply.  */
| #ifdef __cplusplus
| extern "C"
| #endif
| char RAND_egd ();
| /* The GNU C library defines this for functions which it implements
|     to always fail with ENOSYS.  Some functions are actually named
|     something starting with __ and the normal name is an alias.  */
| #if defined __stub_RAND_egd || defined __stub___RAND_egd
| choke me
| #endif
| 
| int
| main ()
| {
| return RAND_egd ();
|   ;
|   return 0;
| }
configure:27094: result: no
configure:27120: result: yes
configure:27201: checking whether to enable mod_ssl
configure:27211: result: shared (most)
configure:27348: checking whether to enable mod_optional_hook_export
configure:27409: result: no
configure:27489: checking whether to enable mod_optional_hook_import
configure:27550: result: no
configure:27630: checking whether to enable mod_optional_fn_import
configure:27691: result: no
configure:27771: checking whether to enable mod_optional_fn_export
configure:27832: result: no
configure:27913: checking whether to enable mod_dialup
configure:27974: result: no
configure:28095: checking for target platform
configure:28120: result: unix
configure:28152: checking for rlim_t
configure:28173: gcc -c  -g -O2 -pthread  -DLINUX -D_REENTRANT -D_GNU_SOURCE -D_LARGEFILE64_SOURCE conftest.c >&5
configure:28173: $? = 0
configure:28184: result: yes
configure:28196: checking sys/time.h usability
configure:28196: gcc -c  -g -O2 -pthread  -DLINUX -D_REENTRANT -D_GNU_SOURCE -D_LARGEFILE64_SOURCE conftest.c >&5
configure:28196: $? = 0
configure:28196: result: yes
configure:28196: checking sys/time.h presence
configure:28196: gcc -E  -DLINUX -D_REENTRANT -D_GNU_SOURCE -D_LARGEFILE64_SOURCE conftest.c
configure:28196: $? = 0
configure:28196: result: yes
configure:28196: checking for sys/time.h
configure:28196: result: yes
configure:28196: checking sys/resource.h usability
configure:28196: gcc -c  -g -O2 -pthread  -DLINUX -D_REENTRANT -D_GNU_SOURCE -D_LARGEFILE64_SOURCE conftest.c >&5
configure:28196: $? = 0
configure:28196: result: yes
configure:28196: checking sys/resource.h presence
configure:28196: gcc -E  -DLINUX -D_REENTRANT -D_GNU_SOURCE -D_LARGEFILE64_SOURCE conftest.c
configure:28196: $? = 0
configure:28196: result: yes
configure:28196: checking for sys/resource.h
configure:28196: result: yes
configure:28196: checking for sys/sem.h
configure:28196: result: yes
configure:28196: checking sys/ipc.h usability
configure:28196: gcc -c  -g -O2 -pthread  -DLINUX -D_REENTRANT -D_GNU_SOURCE -D_LARGEFILE64_SOURCE conftest.c >&5
configure:28196: $? = 0
configure:28196: result: yes
configure:28196: checking sys/ipc.h presence
configure:28196: gcc -E  -DLINUX -D_REENTRANT -D_GNU_SOURCE -D_LARGEFILE64_SOURCE conftest.c
configure:28196: $? = 0
configure:28196: result: yes
configure:28196: checking for sys/ipc.h
configure:28196: result: yes
configure:28210: checking for setsid
configure:28210: gcc -o conftest  -g -O2 -pthread  -DLINUX -D_REENTRANT -D_GNU_SOURCE -D_LARGEFILE64_SOURCE   conftest.c  >&5
configure:28210: $? = 0
configure:28210: result: yes
configure:28210: checking for killpg
configure:28210: gcc -o conftest  -g -O2 -pthread  -DLINUX -D_REENTRANT -D_GNU_SOURCE -D_LARGEFILE64_SOURCE   conftest.c  >&5
configure:28210: $? = 0
configure:28210: result: yes
configure:28226: checking bstring.h usability
configure:28226: gcc -c  -g -O2 -pthread  -DLINUX -D_REENTRANT -D_GNU_SOURCE -D_LARGEFILE64_SOURCE conftest.c >&5
conftest.c:89:21: fatal error: bstring.h: No such file or directory
 #include <bstring.h>
                     ^
compilation terminated.
configure:28226: $? = 1
configure: failed program was:
| /* confdefs.h */
| #define PACKAGE_NAME ""
| #define PACKAGE_TARNAME ""
| #define PACKAGE_VERSION ""
| #define PACKAGE_STRING ""
| #define PACKAGE_BUGREPORT ""
| #define PACKAGE_URL ""
| #define STDC_HEADERS 1
| #define HAVE_SYS_TYPES_H 1
| #define HAVE_SYS_STAT_H 1
| #define HAVE_STDLIB_H 1
| #define HAVE_STRING_H 1
| #define HAVE_MEMORY_H 1
| #define HAVE_STRINGS_H 1
| #define HAVE_INTTYPES_H 1
| #define HAVE_STDINT_H 1
| #define HAVE_UNISTD_H 1
| #define __EXTENSIONS__ 1
| #define _ALL_SOURCE 1
| #define _GNU_SOURCE 1
| #define _POSIX_PTHREAD_SEMANTICS 1
| #define _TANDEM_SOURCE 1
| #define STDC_HEADERS 1
| #define HAVE_STRING_H 1
| #define HAVE_LIMITS_H 1
| #define HAVE_UNISTD_H 1
| #define HAVE_SYS_SOCKET_H 1
| #define HAVE_PWD_H 1
| #define HAVE_GRP_H 1
| #define HAVE_STRINGS_H 1
| #define HAVE_SYS_PRCTL_H 1
| #define HAVE_SYS_SEM_H 1
| #define HAVE_SYS_WAIT_H 1
| #define HAVE_GETPWNAM 1
| #define HAVE_GETGRNAM 1
| #define HAVE_INITGROUPS 1
| #define HAVE_PRCTL 1
| #define HAVE_TIMEGM 1
| #define HAVE_GETPGID 1
| #define HAVE_FOPEN64 1
| #define HAVE_GETLOADAVG 1
| #define HAVE_GETTID 1
| #define HAVE_GMTOFF 1
| #define HAVE_OPENSSL_ENGINE_H 1
| #define HAVE_SSL_CTX_NEW 1
| #define HAVE_ENGINE_INIT 1
| #define HAVE_ENGINE_LOAD_BUILTIN_ENGINES 1
| #define HAVE_OPENSSL 1
| #define HAVE_SYS_TIME_H 1
| #define HAVE_SYS_RESOURCE_H 1
| #define HAVE_SYS_SEM_H 1
| #define HAVE_SYS_IPC_H 1
| #define HAVE_SETSID 1
| #define HAVE_KILLPG 1
| /* end confdefs.h.  */
| #include <stdio.h>
| #ifdef HAVE_SYS_TYPES_H
| # include <sys/types.h>
| #endif
| #ifdef HAVE_SYS_STAT_H
| # include <sys/stat.h>
| #endif
| #ifdef STDC_HEADERS
| # include <stdlib.h>
| # include <stddef.h>
| #else
| # ifdef HAVE_STDLIB_H
| #  include <stdlib.h>
| # endif
| #endif
| #ifdef HAVE_STRING_H
| # if !defined STDC_HEADERS && defined HAVE_MEMORY_H
| #  include <memory.h>
| # endif
| # include <string.h>
| #endif
| #ifdef HAVE_STRINGS_H
| # include <strings.h>
| #endif
| #ifdef HAVE_INTTYPES_H
| # include <inttypes.h>
| #endif
| #ifdef HAVE_STDINT_H
| # include <stdint.h>
| #endif
| #ifdef HAVE_UNISTD_H
| # include <unistd.h>
| #endif
| #include <bstring.h>
configure:28226: result: no
configure:28226: checking bstring.h presence
configure:28226: gcc -E  -DLINUX -D_REENTRANT -D_GNU_SOURCE -D_LARGEFILE64_SOURCE conftest.c
conftest.c:56:21: fatal error: bstring.h: No such file or directory
 #include <bstring.h>
                     ^
compilation terminated.
configure:28226: $? = 1
configure: failed program was:
| /* confdefs.h */
| #define PACKAGE_NAME ""
| #define PACKAGE_TARNAME ""
| #define PACKAGE_VERSION ""
| #define PACKAGE_STRING ""
| #define PACKAGE_BUGREPORT ""
| #define PACKAGE_URL ""
| #define STDC_HEADERS 1
| #define HAVE_SYS_TYPES_H 1
| #define HAVE_SYS_STAT_H 1
| #define HAVE_STDLIB_H 1
| #define HAVE_STRING_H 1
| #define HAVE_MEMORY_H 1
| #define HAVE_STRINGS_H 1
| #define HAVE_INTTYPES_H 1
| #define HAVE_STDINT_H 1
| #define HAVE_UNISTD_H 1
| #define __EXTENSIONS__ 1
| #define _ALL_SOURCE 1
| #define _GNU_SOURCE 1
| #define _POSIX_PTHREAD_SEMANTICS 1
| #define _TANDEM_SOURCE 1
| #define STDC_HEADERS 1
| #define HAVE_STRING_H 1
| #define HAVE_LIMITS_H 1
| #define HAVE_UNISTD_H 1
| #define HAVE_SYS_SOCKET_H 1
| #define HAVE_PWD_H 1
| #define HAVE_GRP_H 1
| #define HAVE_STRINGS_H 1
| #define HAVE_SYS_PRCTL_H 1
| #define HAVE_SYS_SEM_H 1
| #define HAVE_SYS_WAIT_H 1
| #define HAVE_GETPWNAM 1
| #define HAVE_GETGRNAM 1
| #define HAVE_INITGROUPS 1
| #define HAVE_PRCTL 1
| #define HAVE_TIMEGM 1
| #define HAVE_GETPGID 1
| #define HAVE_FOPEN64 1
| #define HAVE_GETLOADAVG 1
| #define HAVE_GETTID 1
| #define HAVE_GMTOFF 1
| #define HAVE_OPENSSL_ENGINE_H 1
| #define HAVE_SSL_CTX_NEW 1
| #define HAVE_ENGINE_INIT 1
| #define HAVE_ENGINE_LOAD_BUILTIN_ENGINES 1
| #define HAVE_OPENSSL 1
| #define HAVE_SYS_TIME_H 1
| #define HAVE_SYS_RESOURCE_H 1
| #define HAVE_SYS_SEM_H 1
| #define HAVE_SYS_IPC_H 1
| #define HAVE_SETSID 1
| #define HAVE_KILLPG 1
| /* end confdefs.h.  */
| #include <bstring.h>
configure:28226: result: no
configure:28226: checking for bstring.h
configure:28226: result: no
configure:28226: checking for unistd.h
configure:28226: result: yes
configure:28241: checking for syslog
configure:28241: gcc -o conftest  -g -O2 -pthread  -DLINUX -D_REENTRANT -D_GNU_SOURCE -D_LARGEFILE64_SOURCE   conftest.c  >&5
configure:28241: $? = 0
configure:28241: result: yes
configure:28253: checking sys/times.h usability
configure:28253: gcc -c  -g -O2 -pthread  -DLINUX -D_REENTRANT -D_GNU_SOURCE -D_LARGEFILE64_SOURCE conftest.c >&5
configure:28253: $? = 0
configure:28253: result: yes
configure:28253: checking sys/times.h presence
configure:28253: gcc -E  -DLINUX -D_REENTRANT -D_GNU_SOURCE -D_LARGEFILE64_SOURCE conftest.c
configure:28253: $? = 0
configure:28253: result: yes
configure:28253: checking for sys/times.h
configure:28253: result: yes
configure:28265: checking for times
configure:28265: gcc -o conftest  -g -O2 -pthread  -DLINUX -D_REENTRANT -D_GNU_SOURCE -D_LARGEFILE64_SOURCE   conftest.c  >&5
configure:28265: $? = 0
configure:28265: result: yes
configure:28334: checking whether APR supports thread-safe pollsets
configure:28353: checking for kqueue
configure:28353: gcc -o conftest  -g -O2 -pthread  -DLINUX -D_REENTRANT -D_GNU_SOURCE -D_LARGEFILE64_SOURCE   conftest.c  >&5
/tmp/cco0qRgz.o: In function `main':
/home/pi/httpd-2.4.29/conftest.c:94: undefined reference to `kqueue'
collect2: error: ld returned 1 exit status
configure:28353: $? = 1
configure: failed program was:
| /* confdefs.h */
| #define PACKAGE_NAME ""
| #define PACKAGE_TARNAME ""
| #define PACKAGE_VERSION ""
| #define PACKAGE_STRING ""
| #define PACKAGE_BUGREPORT ""
| #define PACKAGE_URL ""
| #define STDC_HEADERS 1
| #define HAVE_SYS_TYPES_H 1
| #define HAVE_SYS_STAT_H 1
| #define HAVE_STDLIB_H 1
| #define HAVE_STRING_H 1
| #define HAVE_MEMORY_H 1
| #define HAVE_STRINGS_H 1
| #define HAVE_INTTYPES_H 1
| #define HAVE_STDINT_H 1
| #define HAVE_UNISTD_H 1
| #define __EXTENSIONS__ 1
| #define _ALL_SOURCE 1
| #define _GNU_SOURCE 1
| #define _POSIX_PTHREAD_SEMANTICS 1
| #define _TANDEM_SOURCE 1
| #define STDC_HEADERS 1
| #define HAVE_STRING_H 1
| #define HAVE_LIMITS_H 1
| #define HAVE_UNISTD_H 1
| #define HAVE_SYS_SOCKET_H 1
| #define HAVE_PWD_H 1
| #define HAVE_GRP_H 1
| #define HAVE_STRINGS_H 1
| #define HAVE_SYS_PRCTL_H 1
| #define HAVE_SYS_SEM_H 1
| #define HAVE_SYS_WAIT_H 1
| #define HAVE_GETPWNAM 1
| #define HAVE_GETGRNAM 1
| #define HAVE_INITGROUPS 1
| #define HAVE_PRCTL 1
| #define HAVE_TIMEGM 1
| #define HAVE_GETPGID 1
| #define HAVE_FOPEN64 1
| #define HAVE_GETLOADAVG 1
| #define HAVE_GETTID 1
| #define HAVE_GMTOFF 1
| #define HAVE_OPENSSL_ENGINE_H 1
| #define HAVE_SSL_CTX_NEW 1
| #define HAVE_ENGINE_INIT 1
| #define HAVE_ENGINE_LOAD_BUILTIN_ENGINES 1
| #define HAVE_OPENSSL 1
| #define HAVE_SYS_TIME_H 1
| #define HAVE_SYS_RESOURCE_H 1
| #define HAVE_SYS_SEM_H 1
| #define HAVE_SYS_IPC_H 1
| #define HAVE_SETSID 1
| #define HAVE_KILLPG 1
| #define HAVE_UNISTD_H 1
| #define HAVE_SYSLOG 1
| #define HAVE_SYS_TIMES_H 1
| #define HAVE_TIMES 1
| /* end confdefs.h.  */
| /* Define kqueue to an innocuous variant, in case <limits.h> declares kqueue.
|    For example, HP-UX 11i <limits.h> declares gettimeofday.  */
| #define kqueue innocuous_kqueue
| 
| /* System header to define __stub macros and hopefully few prototypes,
|     which can conflict with char kqueue (); below.
|     Prefer <limits.h> to <assert.h> if __STDC__ is defined, since
|     <limits.h> exists even on freestanding compilers.  */
| 
| #ifdef __STDC__
| # include <limits.h>
| #else
| # include <assert.h>
| #endif
| 
| #undef kqueue
| 
| /* Override any GCC internal prototype to avoid an error.
|    Use char because int might match the return type of a GCC
|    builtin and then its argument prototype would still apply.  */
| #ifdef __cplusplus
| extern "C"
| #endif
| char kqueue ();
| /* The GNU C library defines this for functions which it implements
|     to always fail with ENOSYS.  Some functions are actually named
|     something starting with __ and the normal name is an alias.  */
| #if defined __stub_kqueue || defined __stub___kqueue
| choke me
| #endif
| 
| int
| main ()
| {
| return kqueue ();
|   ;
|   return 0;
| }
configure:28353: result: no
configure:28353: checking for port_create
configure:28353: gcc -o conftest  -g -O2 -pthread  -DLINUX -D_REENTRANT -D_GNU_SOURCE -D_LARGEFILE64_SOURCE   conftest.c  >&5
/tmp/cc04zgty.o: In function `main':
/home/pi/httpd-2.4.29/conftest.c:94: undefined reference to `port_create'
collect2: error: ld returned 1 exit status
configure:28353: $? = 1
configure: failed program was:
| /* confdefs.h */
| #define PACKAGE_NAME ""
| #define PACKAGE_TARNAME ""
| #define PACKAGE_VERSION ""
| #define PACKAGE_STRING ""
| #define PACKAGE_BUGREPORT ""
| #define PACKAGE_URL ""
| #define STDC_HEADERS 1
| #define HAVE_SYS_TYPES_H 1
| #define HAVE_SYS_STAT_H 1
| #define HAVE_STDLIB_H 1
| #define HAVE_STRING_H 1
| #define HAVE_MEMORY_H 1
| #define HAVE_STRINGS_H 1
| #define HAVE_INTTYPES_H 1
| #define HAVE_STDINT_H 1
| #define HAVE_UNISTD_H 1
| #define __EXTENSIONS__ 1
| #define _ALL_SOURCE 1
| #define _GNU_SOURCE 1
| #define _POSIX_PTHREAD_SEMANTICS 1
| #define _TANDEM_SOURCE 1
| #define STDC_HEADERS 1
| #define HAVE_STRING_H 1
| #define HAVE_LIMITS_H 1
| #define HAVE_UNISTD_H 1
| #define HAVE_SYS_SOCKET_H 1
| #define HAVE_PWD_H 1
| #define HAVE_GRP_H 1
| #define HAVE_STRINGS_H 1
| #define HAVE_SYS_PRCTL_H 1
| #define HAVE_SYS_SEM_H 1
| #define HAVE_SYS_WAIT_H 1
| #define HAVE_GETPWNAM 1
| #define HAVE_GETGRNAM 1
| #define HAVE_INITGROUPS 1
| #define HAVE_PRCTL 1
| #define HAVE_TIMEGM 1
| #define HAVE_GETPGID 1
| #define HAVE_FOPEN64 1
| #define HAVE_GETLOADAVG 1
| #define HAVE_GETTID 1
| #define HAVE_GMTOFF 1
| #define HAVE_OPENSSL_ENGINE_H 1
| #define HAVE_SSL_CTX_NEW 1
| #define HAVE_ENGINE_INIT 1
| #define HAVE_ENGINE_LOAD_BUILTIN_ENGINES 1
| #define HAVE_OPENSSL 1
| #define HAVE_SYS_TIME_H 1
| #define HAVE_SYS_RESOURCE_H 1
| #define HAVE_SYS_SEM_H 1
| #define HAVE_SYS_IPC_H 1
| #define HAVE_SETSID 1
| #define HAVE_KILLPG 1
| #define HAVE_UNISTD_H 1
| #define HAVE_SYSLOG 1
| #define HAVE_SYS_TIMES_H 1
| #define HAVE_TIMES 1
| /* end confdefs.h.  */
| /* Define port_create to an innocuous variant, in case <limits.h> declares port_create.
|    For example, HP-UX 11i <limits.h> declares gettimeofday.  */
| #define port_create innocuous_port_create
| 
| /* System header to define __stub macros and hopefully few prototypes,
|     which can conflict with char port_create (); below.
|     Prefer <limits.h> to <assert.h> if __STDC__ is defined, since
|     <limits.h> exists even on freestanding compilers.  */
| 
| #ifdef __STDC__
| # include <limits.h>
| #else
| # include <assert.h>
| #endif
| 
| #undef port_create
| 
| /* Override any GCC internal prototype to avoid an error.
|    Use char because int might match the return type of a GCC
|    builtin and then its argument prototype would still apply.  */
| #ifdef __cplusplus
| extern "C"
| #endif
| char port_create ();
| /* The GNU C library defines this for functions which it implements
|     to always fail with ENOSYS.  Some functions are actually named
|     something starting with __ and the normal name is an alias.  */
| #if defined __stub_port_create || defined __stub___port_create
| choke me
| #endif
| 
| int
| main ()
| {
| return port_create ();
|   ;
|   return 0;
| }
configure:28353: result: no
configure:28353: checking for epoll_create
configure:28353: gcc -o conftest  -g -O2 -pthread  -DLINUX -D_REENTRANT -D_GNU_SOURCE -D_LARGEFILE64_SOURCE   conftest.c  >&5
configure:28353: $? = 0
configure:28353: result: yes
configure:28369: result: yes
configure:28436: checking if event MPM supports this platform
configure:28454: result: yes
configure:28469: checking if mpmt_os2 MPM supports this platform
configure:28488: result: no
configure:28493: checking if prefork MPM supports this platform
configure:28499: result: yes
configure:28514: checking if WinNT MPM supports this platform
configure:28533: result: no
configure:28538: checking if worker MPM supports this platform
configure:28550: result: yes
configure:29406: checking whether to enable mod_http2
configure:29465: result: checking dependencies
configure:29470: checking for OpenSSL
configure:29973: result: yes
configure:30048: checking for nghttp2
configure:30059: checking for user-provided nghttp2 base directory
configure:30072: result: none
configure:30085: checking for pkg-config along 
configure:30372: checking for nghttp2 version >= 1.2.1
configure:30391: gcc -c  -g -O2 -pthread  -DLINUX -D_REENTRANT -D_GNU_SOURCE -D_LARGEFILE64_SOURCE conftest.c >&5
conftest.c:62:32: fatal error: nghttp2/nghttp2ver.h: No such file or directory
 #include <nghttp2/nghttp2ver.h>
                                ^
compilation terminated.
configure:30391: $? = 1
configure: failed program was:
| /* confdefs.h */
| #define PACKAGE_NAME ""
| #define PACKAGE_TARNAME ""
| #define PACKAGE_VERSION ""
| #define PACKAGE_STRING ""
| #define PACKAGE_BUGREPORT ""
| #define PACKAGE_URL ""
| #define STDC_HEADERS 1
| #define HAVE_SYS_TYPES_H 1
| #define HAVE_SYS_STAT_H 1
| #define HAVE_STDLIB_H 1
| #define HAVE_STRING_H 1
| #define HAVE_MEMORY_H 1
| #define HAVE_STRINGS_H 1
| #define HAVE_INTTYPES_H 1
| #define HAVE_STDINT_H 1
| #define HAVE_UNISTD_H 1
| #define __EXTENSIONS__ 1
| #define _ALL_SOURCE 1
| #define _GNU_SOURCE 1
| #define _POSIX_PTHREAD_SEMANTICS 1
| #define _TANDEM_SOURCE 1
| #define STDC_HEADERS 1
| #define HAVE_STRING_H 1
| #define HAVE_LIMITS_H 1
| #define HAVE_UNISTD_H 1
| #define HAVE_SYS_SOCKET_H 1
| #define HAVE_PWD_H 1
| #define HAVE_GRP_H 1
| #define HAVE_STRINGS_H 1
| #define HAVE_SYS_PRCTL_H 1
| #define HAVE_SYS_SEM_H 1
| #define HAVE_SYS_WAIT_H 1
| #define HAVE_GETPWNAM 1
| #define HAVE_GETGRNAM 1
| #define HAVE_INITGROUPS 1
| #define HAVE_PRCTL 1
| #define HAVE_TIMEGM 1
| #define HAVE_GETPGID 1
| #define HAVE_FOPEN64 1
| #define HAVE_GETLOADAVG 1
| #define HAVE_GETTID 1
| #define HAVE_GMTOFF 1
| #define HAVE_OPENSSL_ENGINE_H 1
| #define HAVE_SSL_CTX_NEW 1
| #define HAVE_ENGINE_INIT 1
| #define HAVE_ENGINE_LOAD_BUILTIN_ENGINES 1
| #define HAVE_OPENSSL 1
| #define HAVE_SYS_TIME_H 1
| #define HAVE_SYS_RESOURCE_H 1
| #define HAVE_SYS_SEM_H 1
| #define HAVE_SYS_IPC_H 1
| #define HAVE_SETSID 1
| #define HAVE_KILLPG 1
| #define HAVE_UNISTD_H 1
| #define HAVE_SYSLOG 1
| #define HAVE_SYS_TIMES_H 1
| #define HAVE_TIMES 1
| #define HAVE_EPOLL_CREATE 1
| #define HAVE_OPENSSL 1
| /* end confdefs.h.  */
| #include <nghttp2/nghttp2ver.h>
| int
| main ()
| {
| 
| #if !defined(NGHTTP2_VERSION_NUM)
| #error "Missing nghttp2 version"
| #endif
| #if NGHTTP2_VERSION_NUM < 0x010201
| #error "Unsupported nghttp2 version " NGHTTP2_VERSION_TEXT
| #endif
|   ;
|   return 0;
| }
configure:30396: result: FAILED
configure:30587: WARNING: nghttp2 version is too old
configure:30596: result: no
configure:30635: checking whether to enable mod_http2
configure:30645: result: no (disabled)
configure:30734: checking whether to enable mod_proxy_http2
configure:31403: result: no
configure:31517: checking whether to enable mod_lbmethod_byrequests
configure:31576: result: checking dependencies
configure:31589: checking whether to enable mod_lbmethod_byrequests
configure:31599: result: shared
configure:31679: checking whether to enable mod_lbmethod_bytraffic
configure:31738: result: checking dependencies
configure:31751: checking whether to enable mod_lbmethod_bytraffic
configure:31761: result: shared
configure:31841: checking whether to enable mod_lbmethod_bybusyness
configure:31900: result: checking dependencies
configure:31913: checking whether to enable mod_lbmethod_bybusyness
configure:31923: result: shared
configure:32003: checking whether to enable mod_lbmethod_heartbeat
configure:32062: result: checking dependencies
configure:32075: checking whether to enable mod_lbmethod_heartbeat
configure:32085: result: shared
configure:32184: checking which MPM to use by default
configure:32206: result: event
configure:32389: checking for pthread_kill
configure:32389: gcc -o conftest  -g -O2 -pthread  -DLINUX -D_REENTRANT -D_GNU_SOURCE -D_LARGEFILE64_SOURCE   conftest.c  >&5
configure:32389: $? = 0
configure:32389: result: yes
configure:32651: checking whether to enable mod_unixd
configure:32712: result: shared
configure:32792: checking whether to enable mod_privileges
configure:32886: result: no
configure:33032: checking whether to enable mod_heartbeat
configure:33114: result: no
configure:33194: checking whether to enable mod_heartmonitor
configure:33255: result: no
configure:33376: checking whether to enable mod_dav
configure:33437: result: shared (most)
configure:33577: checking whether to enable mod_status
configure:33638: result: shared
configure:33718: checking whether to enable mod_autoindex
configure:33779: result: shared
configure:33859: checking whether to enable mod_asis
configure:33920: result: no
configure:34000: checking whether to enable mod_info
configure:34061: result: shared (most)
configure:34141: checking whether to enable mod_suexec
configure:34216: result: no
configure:34312: checking whether to enable mod_cgid
configure:34371: result: checking dependencies
configure:34413: checking whether to enable mod_cgid
configure:34423: result: shared (most)
configure:34503: checking whether to enable mod_cgi
configure:34564: result: no
configure:35092: checking whether to enable mod_dav_fs
configure:35151: result: checking dependencies
configure:35164: checking whether to enable mod_dav_fs
configure:35174: result: shared
configure:35297: checking whether to enable mod_dav_lock
configure:35379: result: no
configure:35478: checking for extra modules
configure:35537: result: none
configure:35558: checking whether to enable mod_vhost_alias
configure:35619: result: shared (most)
configure:35699: checking whether to enable mod_negotiation
configure:35760: result: shared (most)
configure:35840: checking whether to enable mod_dir
configure:35901: result: shared
configure:35981: checking whether to enable mod_imagemap
configure:36042: result: no
configure:36122: checking whether to enable mod_actions
configure:36183: result: shared (most)
configure:36263: checking whether to enable mod_speling
configure:36324: result: shared (most)
configure:36404: checking whether to enable mod_userdir
configure:36465: result: shared (most)
configure:36545: checking whether to enable mod_alias
configure:36606: result: shared
configure:36686: checking whether to enable mod_rewrite
configure:36747: result: shared (most)
configure:37259: 
configure:37261: Restore user-defined environment settings...
configure:37263: 
configure:37388: 
configure:37390: Construct makefiles and header files...
configure:37392: 
configure:37719: creating config_vars.mk
configure:37902: creating ./config.status

## ---------------------- ##
## Running config.status. ##
## ---------------------- ##

This file was extended by config.status, which was
generated by GNU Autoconf 2.69.  Invocation command line was

  CONFIG_FILES    = 
  CONFIG_HEADERS  = 
  CONFIG_LINKS    = 
  CONFIG_COMMANDS = 
  $ ./config.status 

on bubo2

config.status:1188: creating docs/conf/httpd.conf
config.status:1188: creating docs/conf/extra/httpd-autoindex.conf
config.status:1188: creating docs/conf/extra/httpd-dav.conf
config.status:1188: creating docs/conf/extra/httpd-default.conf
config.status:1188: creating docs/conf/extra/httpd-info.conf
config.status:1188: creating docs/conf/extra/httpd-languages.conf
config.status:1188: creating docs/conf/extra/httpd-manual.conf
config.status:1188: creating docs/conf/extra/httpd-mpm.conf
config.status:1188: creating docs/conf/extra/httpd-multilang-errordoc.conf
config.status:1188: creating docs/conf/extra/httpd-ssl.conf
config.status:1188: creating docs/conf/extra/httpd-userdir.conf
config.status:1188: creating docs/conf/extra/httpd-vhosts.conf
config.status:1188: creating docs/conf/extra/proxy-html.conf
config.status:1188: creating include/ap_config_layout.h
config.status:1188: creating support/apxs
config.status:1188: creating support/apachectl
config.status:1188: creating support/dbmmanage
config.status:1188: creating support/envvars-std
config.status:1188: creating support/log_server_status
config.status:1188: creating support/logresolve.pl
config.status:1188: creating support/phf_abuse_log.cgi
config.status:1188: creating support/split-logfile
config.status:1188: creating build/rules.mk
config.status:1188: creating build/pkg/pkginfo
config.status:1188: creating build/config_vars.sh
config.status:1188: creating include/ap_config_auto.h
config.status:1358: include/ap_config_auto.h is unchanged
config.status:1372: executing default commands
configure:39115: summary of build options:

    Server Version: 2.4.29
    Install prefix: /usr/local/apache2
    C compiler:     gcc
    CFLAGS:          -g -O2 -pthread  
    CPPFLAGS:        -DLINUX -D_REENTRANT -D_GNU_SOURCE -D_LARGEFILE64_SOURCE  
    LDFLAGS:           
    LIBS:             
    C preprocessor: gcc -E


## ---------------- ##
## Cache variables. ##
## ---------------- ##

ac_cv_APR_HAS_LDAP=no
ac_cv_build=armv7l-unknown-linux-gnueabihf
ac_cv_c_compiler_gnu=yes
ac_cv_c_const=yes
ac_cv_define_APR_HAS_DSO=yes
ac_cv_define_APR_HAS_RANDOM=yes
ac_cv_define_APR_HAS_THREADS=yes
ac_cv_define_APR_HAVE_IPV6=yes
ac_cv_env_CC_set=
ac_cv_env_CC_value=
ac_cv_env_CFLAGS_set=
ac_cv_env_CFLAGS_value=
ac_cv_env_CPPFLAGS_set=
ac_cv_env_CPPFLAGS_value=
ac_cv_env_CPP_set=
ac_cv_env_CPP_value=
ac_cv_env_LDFLAGS_set=
ac_cv_env_LDFLAGS_value=
ac_cv_env_LIBS_set=
ac_cv_env_LIBS_value=
ac_cv_env_build_alias_set=
ac_cv_env_build_alias_value=
ac_cv_env_host_alias_set=
ac_cv_env_host_alias_value=
ac_cv_env_target_alias_set=
ac_cv_env_target_alias_value=
ac_cv_func_ENGINE_init=yes
ac_cv_func_ENGINE_load_builtin_engines=yes
ac_cv_func_RAND_egd=no
ac_cv_func_SSL_CTX_new=yes
ac_cv_func_bindprocessor=no
ac_cv_func_epoll_create=yes
ac_cv_func_fopen64=yes
ac_cv_func_getgrnam=yes
ac_cv_func_getloadavg=yes
ac_cv_func_getpgid=yes
ac_cv_func_getpwnam=yes
ac_cv_func_initgroups=yes
ac_cv_func_killpg=yes
ac_cv_func_kqueue=no
ac_cv_func_port_create=no
ac_cv_func_prctl=yes
ac_cv_func_pthread_kill=yes
ac_cv_func_setsid=yes
ac_cv_func_syslog=yes
ac_cv_func_timegm=yes
ac_cv_func_times=yes
ac_cv_gettid=yes
ac_cv_have_decl_CMSG_DATA=yes
ac_cv_have_threadsafe_pollset=yes
ac_cv_header_bstring_h=no
ac_cv_header_grp_h=yes
ac_cv_header_inttypes_h=yes
ac_cv_header_limits_h=yes
ac_cv_header_memory_h=yes
ac_cv_header_minix_config_h=no
ac_cv_header_openssl_engine_h=yes
ac_cv_header_pwd_h=yes
ac_cv_header_stdc=yes
ac_cv_header_stdint_h=yes
ac_cv_header_stdlib_h=yes
ac_cv_header_string_h=yes
ac_cv_header_strings_h=yes
ac_cv_header_sys_ipc_h=yes
ac_cv_header_sys_loadavg_h=no
ac_cv_header_sys_prctl_h=yes
ac_cv_header_sys_processor_h=no
ac_cv_header_sys_resource_h=yes
ac_cv_header_sys_sdt_h=no
ac_cv_header_sys_sem_h=yes
ac_cv_header_sys_socket_h=yes
ac_cv_header_sys_stat_h=yes
ac_cv_header_sys_time_h=yes
ac_cv_header_sys_times_h=yes
ac_cv_header_sys_types_h=yes
ac_cv_header_sys_wait_h=yes
ac_cv_header_unistd_h=yes
ac_cv_host=armv7l-unknown-linux-gnueabihf
ac_cv_mkdir_p=yes
ac_cv_nghttp2=no
ac_cv_objext=o
ac_cv_openssl=yes
ac_cv_path_EGREP='/bin/grep -E'
ac_cv_path_GREP=/bin/grep
ac_cv_path_PCRE_CONFIG=/usr/local/bin/pcre-config
ac_cv_path_PKGCONFIG=/usr/bin/pkg-config
ac_cv_path_RM=/bin/rm
ac_cv_path_RSYNC=/usr/bin/rsync
ac_cv_prog_AWK=mawk
ac_cv_prog_CPP='gcc -E'
ac_cv_prog_ac_ct_CC=gcc
ac_cv_prog_ac_ct_RANLIB=ranlib
ac_cv_prog_cc_c89=
ac_cv_prog_cc_c99=
ac_cv_prog_cc_g=yes
ac_cv_safe_to_define___extensions__=yes
ac_cv_search_crypt=-lcrypt
ac_cv_search_sqrt=-lm
ac_cv_search_strerror='none required'
ac_cv_struct_tm_gmtoff=yes
ac_cv_target=armv7l-unknown-linux-gnueabihf
ac_cv_type_rlim_t=yes
ap_cv_void_ptr_lt_long=no
ap_cv_zlib=/usr

## ----------------- ##
## Output variables. ##
## ----------------- ##

APACHECTL_ULIMIT='ulimit -S -n `ulimit -H -n`'
APR_BINDIR='/usr/local/apache2/bin'
APR_CONFIG='/usr/local/apache2/bin/apr-1-config'
APR_INCLUDEDIR='/home/pi/httpd-2.4.29/srclib/apr/include'
APR_VERSION='1.5.2'
APU_BINDIR='/usr/local/apache2/bin'
APU_CONFIG='/usr/local/apache2/bin/apu-1-config'
APU_INCLUDEDIR='/home/pi/httpd-2.4.29/srclib/apr-util/include'
APU_VERSION='1.5.4'
AP_BUILD_SRCLIB_DIRS='apr  apr-util'
AP_CLEAN_SRCLIB_DIRS='apr-util  apr'
AP_LIBS='$(MOD_SO_LDADD) $(MOD_HTTP_LDADD) $(MOD_MPM_EVENT_LDADD)  /home/pi/httpd-2.4.29/srclib/apr-util/libaprutil-1.la     /home/pi/httpd-2.4.29/srclib/apr-util/xml/expat/libexpat.la  /home/pi/httpd-2.4.29/srclib/apr/libapr-1.la -lrt -lcrypt  -lpthread -ldl'
AWK='mawk'
BUILTIN_LIBS=' modules/core/libmod_so.la modules/http/libmod_http.la'
CC='gcc'
CFLAGS=''
CORE_IMPLIB=''
CORE_IMPLIB_FILE=''
CPP='gcc -E'
CPPFLAGS=''
CRYPT_LIBS='-lcrypt '
CXX=''
CXXFLAGS=''
DEFS='-DHAVE_CONFIG_H'
DSO_MODULES=' authn_file authn_dbm authn_anon authn_dbd authn_socache authn_core authz_host authz_groupfile authz_user authz_dbm authz_owner authz_dbd authz_core access_compat auth_basic auth_form auth_digest allowmethods file_cache cache cache_disk cache_socache socache_shmcb socache_dbm socache_memcache watchdog macro dbd dumpio buffer ratelimit reqtimeout ext_filter request include filter substitute sed deflate mime log_config log_debug logio env expires headers unique_id setenvif version remoteip proxy proxy_connect proxy_ftp proxy_http proxy_fcgi proxy_scgi proxy_fdpass proxy_wstunnel proxy_ajp proxy_balancer proxy_express proxy_hcheck session session_cookie session_dbd slotmem_shm ssl lbmethod_byrequests lbmethod_bytraffic lbmethod_bybusyness lbmethod_heartbeat unixd dav status autoindex info cgid dav_fs vhost_alias negotiation dir actions speling userdir alias rewrite'
DTRACE='true'
ECHO_C=''
ECHO_N='-n'
ECHO_T=''
EGREP='/bin/grep -E'
ENABLED_DSO_MODULES=',authn_file,authn_core,authz_host,authz_groupfile,authz_user,authz_core,access_compat,auth_basic,reqtimeout,filter,mime,log_config,env,headers,setenvif,version,unixd,status,autoindex,dir,alias'
ENABLED_MPM_MODULE=''
EXEEXT=''
EXTRA_CFLAGS=' -g -O2 -pthread'
EXTRA_CPPFLAGS=' -DLINUX -D_REENTRANT -D_GNU_SOURCE -D_LARGEFILE64_SOURCE'
EXTRA_CXXFLAGS=''
EXTRA_INCLUDES='-I. -I$(top_srcdir)/os/$(OS_DIR) -I$(top_srcdir)/include -I/home/pi/httpd-2.4.29/srclib/apr/include -I/home/pi/httpd-2.4.29/srclib/apr-util/include -I/home/pi/httpd-2.4.29/srclib/apr-util/xml/expat/lib -I/usr/local/include -I$(top_srcdir)/modules/aaa -I$(top_srcdir)/modules/cache -I$(top_srcdir)/modules/core -I$(top_srcdir)/modules/database -I$(top_srcdir)/modules/filters -I$(top_srcdir)/modules/ldap -I$(top_srcdir)/modules/loggers -I$(top_srcdir)/modules/lua -I$(top_srcdir)/modules/proxy -I$(top_srcdir)/modules/session -I$(top_srcdir)/modules/ssl -I$(top_srcdir)/modules/test -I$(top_srcdir)/server -I$(top_srcdir)/modules/arch/unix -I$(top_srcdir)/modules/dav/main -I$(top_srcdir)/modules/generators -I$(top_srcdir)/modules/mappers'
EXTRA_LDFLAGS=' '
EXTRA_LIBS=''
GREP='/bin/grep'
HTTPD_LDFLAGS='-export-dynamic'
HTTPD_MMN='20120211'
HTTPD_VERSION='2.4.29'
INCLUDES=''
INSTALL='$(LIBTOOL) --mode=install $(abs_srcdir)/build/install.sh -c'
INSTALL_DSO='yes'
INSTALL_PROG_FLAGS=''
INTERNAL_CPPFLAGS=''
LDFLAGS=''
LIBOBJS=''
LIBS=''
LIBTOOL='/home/pi/httpd-2.4.29/srclib/apr/libtool $(LTFLAGS)'
LN_S='ln -s'
LOAD_ALL_MODULES='no'
LTCFLAGS='-prefer-non-pic -static'
LTFLAGS='--silent'
LTLIBOBJS=''
LT_LDFLAGS=''
LUA_CFLAGS=''
LUA_LIBS=''
LYNX_PATH='lynx'
MATH_LIBS='-lm '
MKDEP='$(CC) -MM'
MKINSTALLDIRS='$(abs_srcdir)/build/mkdir.sh'
MK_IMPLIB=''
MODULE_CLEANDIRS=' arch/win32 echo examples experimental ldap lua test http2 cluster dav/lock'
MODULE_DIRS=' aaa cache core database debugging filters http loggers metadata proxy session slotmem ssl proxy/balancers arch/unix dav/main generators dav/fs mappers'
MOD_ACCESS_COMPAT_LDADD=''
MOD_ACTIONS_LDADD=''
MOD_ALIAS_LDADD=''
MOD_ALLOWMETHODS_LDADD=''
MOD_ASIS_LDADD=''
MOD_AUTHNZ_FCGI_LDADD=''
MOD_AUTHNZ_LDAP_LDADD=''
MOD_AUTHN_ANON_LDADD=''
MOD_AUTHN_CORE_LDADD=''
MOD_AUTHN_DBD_LDADD=''
MOD_AUTHN_DBM_LDADD=''
MOD_AUTHN_FILE_LDADD=''
MOD_AUTHN_SOCACHE_LDADD=''
MOD_AUTHZ_CORE_LDADD=''
MOD_AUTHZ_DBD_LDADD=''
MOD_AUTHZ_DBM_LDADD=''
MOD_AUTHZ_GROUPFILE_LDADD=''
MOD_AUTHZ_HOST_LDADD=''
MOD_AUTHZ_OWNER_LDADD=''
MOD_AUTHZ_USER_LDADD=''
MOD_AUTH_BASIC_LDADD=''
MOD_AUTH_DIGEST_LDADD=''
MOD_AUTH_FORM_LDADD=''
MOD_AUTOINDEX_LDADD=''
MOD_BROTLI_LDADD=''
MOD_BUCKETEER_LDADD=''
MOD_BUFFER_LDADD=''
MOD_CACHE_DISK_LDADD=''
MOD_CACHE_LDADD=''
MOD_CACHE_SOCACHE_LDADD=''
MOD_CASE_FILTER_IN_LDADD=''
MOD_CASE_FILTER_LDADD=''
MOD_CERN_META_LDADD=''
MOD_CGID_LDADD=''
MOD_CGI_LDADD=''
MOD_CHARSET_LITE_LDADD=''
MOD_DATA_LDADD=''
MOD_DAV_FS_LDADD=''
MOD_DAV_LDADD=''
MOD_DAV_LOCK_LDADD=''
MOD_DBD_LDADD=''
MOD_DEFLATE_LDADD=' -lz'
MOD_DIALUP_LDADD=''
MOD_DIR_LDADD=''
MOD_DUMPIO_LDADD=''
MOD_ECHO_LDADD=''
MOD_ENV_LDADD=''
MOD_EXAMPLE_HOOKS_LDADD=''
MOD_EXAMPLE_IPC_LDADD=''
MOD_EXPIRES_LDADD=''
MOD_EXT_FILTER_LDADD=''
MOD_FILE_CACHE_LDADD=''
MOD_FILTER_LDADD=''
MOD_HEADERS_LDADD=''
MOD_HEARTBEAT_LDADD=''
MOD_HEARTMONITOR_LDADD=''
MOD_HTTP2_LDADD=''
MOD_HTTP_LDADD=''
MOD_IDENT_LDADD=''
MOD_IMAGEMAP_LDADD=''
MOD_INCLUDE_LDADD=''
MOD_INFO_LDADD=''
MOD_ISAPI_LDADD=''
MOD_LBMETHOD_BYBUSYNESS_LDADD=''
MOD_LBMETHOD_BYREQUESTS_LDADD=''
MOD_LBMETHOD_BYTRAFFIC_LDADD=''
MOD_LBMETHOD_HEARTBEAT_LDADD=''
MOD_LDAP_LDADD=''
MOD_LOGIO_LDADD=''
MOD_LOG_CONFIG_LDADD=''
MOD_LOG_DEBUG_LDADD=''
MOD_LOG_FORENSIC_LDADD=''
MOD_LUA_LDADD=''
MOD_MACRO_LDADD=''
MOD_MIME_LDADD=''
MOD_MIME_MAGIC_LDADD=''
MOD_MPM_EVENT_LDADD=''
MOD_NEGOTIATION_LDADD=''
MOD_OPTIONAL_FN_EXPORT_LDADD=''
MOD_OPTIONAL_FN_IMPORT_LDADD=''
MOD_OPTIONAL_HOOK_EXPORT_LDADD=''
MOD_OPTIONAL_HOOK_IMPORT_LDADD=''
MOD_PRIVILEGES_LDADD=''
MOD_PROXY_AJP_LDADD=''
MOD_PROXY_BALANCER_LDADD=''
MOD_PROXY_CONNECT_LDADD=''
MOD_PROXY_EXPRESS_LDADD=''
MOD_PROXY_FCGI_LDADD=''
MOD_PROXY_FDPASS_LDADD=''
MOD_PROXY_FTP_LDADD=''
MOD_PROXY_HCHECK_LDADD=''
MOD_PROXY_HTML_LDADD=''
MOD_PROXY_HTTP2_LDADD=''
MOD_PROXY_HTTP_LDADD=''
MOD_PROXY_LDADD=''
MOD_PROXY_SCGI_LDADD=''
MOD_PROXY_WSTUNNEL_LDADD=''
MOD_RATELIMIT_LDADD=''
MOD_REFLECTOR_LDADD=''
MOD_REMOTEIP_LDADD=''
MOD_REQTIMEOUT_LDADD=''
MOD_REQUEST_LDADD=''
MOD_REWRITE_LDADD=''
MOD_SED_LDADD='-export-symbols-regex sed_module'
MOD_SESSION_COOKIE_LDADD=''
MOD_SESSION_CRYPTO_LDADD=''
MOD_SESSION_DBD_LDADD=''
MOD_SESSION_LDADD=''
MOD_SETENVIF_LDADD=''
MOD_SLOTMEM_PLAIN_LDADD=''
MOD_SLOTMEM_SHM_LDADD=''
MOD_SOCACHE_DBM_LDADD=''
MOD_SOCACHE_DC_LDADD=''
MOD_SOCACHE_MEMCACHE_LDADD=''
MOD_SOCACHE_SHMCB_LDADD=''
MOD_SO_ENABLED='yes'
MOD_SO_LDADD=''
MOD_SPELING_LDADD=''
MOD_SSL_LDADD='-export-symbols-regex ssl_module'
MOD_STATUS_LDADD=''
MOD_SUBSTITUTE_LDADD=''
MOD_SUEXEC_LDADD=''
MOD_UNIQUE_ID_LDADD=''
MOD_UNIXD_LDADD=''
MOD_USERDIR_LDADD=''
MOD_USERTRACK_LDADD=''
MOD_VERSION_LDADD=''
MOD_VHOST_ALIAS_LDADD=''
MOD_WATCHDOG_LDADD=''
MOD_XML2ENC_LDADD=''
MPM_LIB='server/mpm/event/libevent.la'
MPM_MODULES=''
MPM_SUBDIRS=' event '
NONPORTABLE_SUPPORT='checkgid fcgistarter'
NOTEST_CFLAGS=''
NOTEST_CPPFLAGS=''
NOTEST_CXXFLAGS=''
NOTEST_LDFLAGS=''
NOTEST_LIBS=''
OBJEXT='o'
OS='unix'
OS_DIR='unix'
OS_SPECIFIC_VARS=''
PACKAGE_BUGREPORT=''
PACKAGE_NAME=''
PACKAGE_STRING=''
PACKAGE_TARNAME=''
PACKAGE_URL=''
PACKAGE_VERSION=''
PATH_SEPARATOR=':'
PCRE_CONFIG='/usr/local/bin/pcre-config'
PCRE_LIBS='-L/usr/local/lib -lpcre'
PICFLAGS=''
PILDFLAGS=''
PKGCONFIG='/usr/bin/pkg-config'
PORT='80'
POST_SHARED_CMDS='echo ""'
PRE_SHARED_CMDS='echo ""'
RANLIB='ranlib'
RM='/bin/rm'
RSYNC='/usr/bin/rsync'
SHELL='/bin/bash'
SHLIBPATH_VAR='LD_LIBRARY_PATH'
SHLTCFLAGS='-prefer-pic'
SH_LDFLAGS=''
SH_LIBS=''
SH_LIBTOOL='$(LIBTOOL)'
SSLPORT='443'
UTIL_LDFLAGS=''
ab_CFLAGS='-I/usr/local/include'
ab_LDFLAGS='-L/usr/local/lib -lssl -lcrypto -lrt -lcrypt -lpthread -ldl'
ab_LTFLAGS=''
abs_srcdir='/home/pi/httpd-2.4.29'
ac_ct_CC='gcc'
ap_make_delimiter=' '
ap_make_include='include'
bindir='${exec_prefix}/bin'
build='armv7l-unknown-linux-gnueabihf'
build_alias=''
build_cpu='armv7l'
build_os='linux-gnueabihf'
build_vendor='unknown'
cgidir='${datadir}/cgi-bin'
checkgid_LTFLAGS=''
datadir='${prefix}'
datarootdir='${prefix}/share'
docdir='${datarootdir}/doc/${PACKAGE}'
dvidir='${docdir}'
errordir='${datadir}/error'
exec_prefix='${prefix}'
exp_bindir='/usr/local/apache2/bin'
exp_cgidir='/usr/local/apache2/cgi-bin'
exp_datadir='/usr/local/apache2'
exp_errordir='/usr/local/apache2/error'
exp_exec_prefix='/usr/local/apache2'
exp_htdocsdir='/usr/local/apache2/htdocs'
exp_iconsdir='/usr/local/apache2/icons'
exp_includedir='/usr/local/apache2/include'
exp_installbuilddir='/usr/local/apache2/build'
exp_libdir='/usr/local/apache2/lib'
exp_libexecdir='/usr/local/apache2/modules'
exp_localstatedir='/usr/local/apache2'
exp_logfiledir='/usr/local/apache2/logs'
exp_mandir='/usr/local/apache2/man'
exp_manualdir='/usr/local/apache2/manual'
exp_proxycachedir='/usr/local/apache2/proxy'
exp_runtimedir='/usr/local/apache2/logs'
exp_sbindir='/usr/local/apache2/bin'
exp_sysconfdir='/usr/local/apache2/conf'
fcgistarter_LTFLAGS=''
host='armv7l-unknown-linux-gnueabihf'
host_alias=''
host_cpu='armv7l'
host_os='linux-gnueabihf'
host_vendor='unknown'
htcacheclean_LTFLAGS=''
htdbm_LTFLAGS=''
htdigest_LTFLAGS=''
htdocsdir='${datadir}/htdocs'
htmldir='${docdir}'
htpasswd_LTFLAGS=''
httxt2dbm_LTFLAGS=''
iconsdir='${datadir}/icons'
includedir='${prefix}/include'
infodir='${datarootdir}/info'
installbuilddir='${datadir}/build'
libdir='${exec_prefix}/lib'
libexecdir='${exec_prefix}/modules'
localedir='${datarootdir}/locale'
localstatedir='${prefix}'
logfiledir='${localstatedir}/logs'
logresolve_LTFLAGS=''
mandir='${prefix}/man'
manualdir='${datadir}/manual'
oldincludedir='/usr/include'
other_targets=''
pdfdir='${docdir}'
perlbin='/usr/bin/perl'
prefix='/usr/local/apache2'
progname='httpd'
program_transform_name='s,x,x,'
proxycachedir='${localstatedir}/proxy'
psdir='${docdir}'
rel_bindir='bin'
rel_cgidir='cgi-bin'
rel_datadir=''
rel_errordir='error'
rel_exec_prefix=''
rel_htdocsdir='htdocs'
rel_iconsdir='icons'
rel_includedir='include'
rel_installbuilddir='build'
rel_libdir='lib'
rel_libexecdir='modules'
rel_localstatedir=''
rel_logfiledir='logs'
rel_mandir='man'
rel_manualdir='manual'
rel_proxycachedir='proxy'
rel_runtimedir='logs'
rel_sbindir='bin'
rel_sysconfdir='conf'
rotatelogs_LTFLAGS=''
runtimedir='${localstatedir}/logs'
sbindir='${exec_prefix}/bin'
shared_build='shared-build'
sharedstatedir='${prefix}/com'
sysconfdir='${prefix}/conf'
target='armv7l-unknown-linux-gnueabihf'
target_alias=''
target_cpu='armv7l'
target_os='linux-gnueabihf'
target_vendor='unknown'

## ----------- ##
## confdefs.h. ##
## ----------- ##

/* confdefs.h */
#define PACKAGE_NAME ""
#define PACKAGE_TARNAME ""
#define PACKAGE_VERSION ""
#define PACKAGE_STRING ""
#define PACKAGE_BUGREPORT ""
#define PACKAGE_URL ""
#define STDC_HEADERS 1
#define HAVE_SYS_TYPES_H 1
#define HAVE_SYS_STAT_H 1
#define HAVE_STDLIB_H 1
#define HAVE_STRING_H 1
#define HAVE_MEMORY_H 1
#define HAVE_STRINGS_H 1
#define HAVE_INTTYPES_H 1
#define HAVE_STDINT_H 1
#define HAVE_UNISTD_H 1
#define __EXTENSIONS__ 1
#define _ALL_SOURCE 1
#define _GNU_SOURCE 1
#define _POSIX_PTHREAD_SEMANTICS 1
#define _TANDEM_SOURCE 1
#define STDC_HEADERS 1
#define HAVE_STRING_H 1
#define HAVE_LIMITS_H 1
#define HAVE_UNISTD_H 1
#define HAVE_SYS_SOCKET_H 1
#define HAVE_PWD_H 1
#define HAVE_GRP_H 1
#define HAVE_STRINGS_H 1
#define HAVE_SYS_PRCTL_H 1
#define HAVE_SYS_SEM_H 1
#define HAVE_SYS_WAIT_H 1
#define HAVE_GETPWNAM 1
#define HAVE_GETGRNAM 1
#define HAVE_INITGROUPS 1
#define HAVE_PRCTL 1
#define HAVE_TIMEGM 1
#define HAVE_GETPGID 1
#define HAVE_FOPEN64 1
#define HAVE_GETLOADAVG 1
#define HAVE_GETTID 1
#define HAVE_GMTOFF 1
#define HAVE_OPENSSL_ENGINE_H 1
#define HAVE_SSL_CTX_NEW 1
#define HAVE_ENGINE_INIT 1
#define HAVE_ENGINE_LOAD_BUILTIN_ENGINES 1
#define HAVE_OPENSSL 1
#define HAVE_SYS_TIME_H 1
#define HAVE_SYS_RESOURCE_H 1
#define HAVE_SYS_SEM_H 1
#define HAVE_SYS_IPC_H 1
#define HAVE_SETSID 1
#define HAVE_KILLPG 1
#define HAVE_UNISTD_H 1
#define HAVE_SYSLOG 1
#define HAVE_SYS_TIMES_H 1
#define HAVE_TIMES 1
#define HAVE_EPOLL_CREATE 1
#define HAVE_OPENSSL 1
#define HAVE_PTHREAD_KILL 1
#define AP_USING_AUTOCONF 1
#define SINGLE_LISTEN_UNSERIALIZED_ACCEPT 1
#define AP_NONBLOCK_WHEN_MULTI_LISTEN 1
#define AP_ENABLE_V4_MAPPED 1
#define HTTPD_ROOT "/usr/local/apache2"
#define SERVER_CONFIG_FILE "conf/httpd.conf"
#define AP_TYPES_CONFIG_FILE "conf/mime.types"

configure: exit 0
